{"/home/travis/build/npmtest/node-npmtest-paypal-rest-sdk/test.js":{"path":"/home/travis/build/npmtest/node-npmtest-paypal-rest-sdk/test.js","s":{"1":2,"2":2,"3":2,"4":2,"5":2,"6":2,"7":2,"8":1,"9":2,"10":2,"11":1,"12":1,"13":1,"14":1,"15":2,"16":2,"17":2,"18":2,"19":1,"20":1,"21":2,"22":2,"23":2,"24":1,"25":1,"26":1,"27":1,"28":1,"29":1,"30":1,"31":1,"32":1,"33":1,"34":1,"35":1,"36":1,"37":1,"38":1,"39":2,"40":2,"41":1,"42":2,"43":2,"44":1,"45":2,"46":2,"47":1,"48":2,"49":2,"50":1,"51":1,"52":1,"53":1,"54":1},"b":{"1":[2,1,1,1],"2":[1,1,1,1],"3":[1,1],"4":[1,1],"5":[1,1],"6":[1,1],"7":[1,1],"8":[1,1],"9":[1,1],"10":[1,1,1],"11":[1,1],"12":[1,1],"13":[1,1],"14":[1,1],"15":[1,1],"16":[1,1],"17":[1,1]},"f":{"1":2,"2":2,"3":2,"4":2,"5":2,"6":1,"7":1,"8":1,"9":2,"10":2,"11":2,"12":2,"13":1},"fnMap":{"1":{"name":"(anonymous_1)","line":12,"loc":{"start":{"line":12,"column":1},"end":{"line":12,"column":13}}},"2":{"name":"(anonymous_2)","line":19,"loc":{"start":{"line":19,"column":5},"end":{"line":19,"column":17}}},"3":{"name":"(anonymous_3)","line":23,"loc":{"start":{"line":23,"column":24},"end":{"line":23,"column":36}}},"4":{"name":"(anonymous_4)","line":61,"loc":{"start":{"line":61,"column":5},"end":{"line":61,"column":17}}},"5":{"name":"(anonymous_5)","line":82,"loc":{"start":{"line":82,"column":5},"end":{"line":82,"column":17}}},"6":{"name":"(anonymous_6)","line":91,"loc":{"start":{"line":91,"column":77},"end":{"line":94,"column":10}}},"7":{"name":"(anonymous_7)","line":112,"loc":{"start":{"line":112,"column":83},"end":{"line":115,"column":10}},"skip":true},"8":{"name":"(anonymous_8)","line":123,"loc":{"start":{"line":123,"column":77},"end":{"line":126,"column":10}},"skip":true},"9":{"name":"(anonymous_9)","line":139,"loc":{"start":{"line":139,"column":12},"end":{"line":139,"column":40}},"skip":true},"10":{"name":"(anonymous_10)","line":147,"loc":{"start":{"line":147,"column":77},"end":{"line":150,"column":10}},"skip":true},"11":{"name":"(anonymous_11)","line":158,"loc":{"start":{"line":158,"column":83},"end":{"line":161,"column":10}},"skip":true},"12":{"name":"(anonymous_12)","line":169,"loc":{"start":{"line":169,"column":79},"end":{"line":172,"column":10}},"skip":true},"13":{"name":"(anonymous_13)","line":180,"loc":{"start":{"line":180,"column":75},"end":{"line":183,"column":10}},"skip":true}},"statementMap":{"1":{"start":{"line":12,"column":0},"end":{"line":195,"column":5}},"2":{"start":{"line":14,"column":4},"end":{"line":14,"column":14}},"3":{"start":{"line":19,"column":4},"end":{"line":56,"column":9}},"4":{"start":{"line":21,"column":8},"end":{"line":21,"column":19}},"5":{"start":{"line":23,"column":8},"end":{"line":35,"column":13}},"6":{"start":{"line":24,"column":12},"end":{"line":34,"column":13}},"7":{"start":{"line":25,"column":16},"end":{"line":28,"column":30}},"8":{"start":{"line":30,"column":16},"end":{"line":33,"column":27}},"9":{"start":{"line":37,"column":8},"end":{"line":39,"column":21}},"10":{"start":{"line":40,"column":8},"end":{"line":53,"column":9}},"11":{"start":{"line":43,"column":12},"end":{"line":46,"column":14}},"12":{"start":{"line":47,"column":12},"end":{"line":47,"column":18}},"13":{"start":{"line":50,"column":12},"end":{"line":51,"column":46}},"14":{"start":{"line":52,"column":12},"end":{"line":52,"column":18}},"15":{"start":{"line":55,"column":8},"end":{"line":55,"column":35}},"16":{"start":{"line":61,"column":4},"end":{"line":63,"column":9}},"17":{"start":{"line":62,"column":8},"end":{"line":62,"column":15}},"18":{"start":{"line":64,"column":4},"end":{"line":77,"column":5}},"19":{"start":{"line":70,"column":8},"end":{"line":70,"column":14}},"20":{"start":{"line":76,"column":8},"end":{"line":76,"column":14}},"21":{"start":{"line":82,"column":4},"end":{"line":84,"column":9}},"22":{"start":{"line":83,"column":8},"end":{"line":83,"column":15}},"23":{"start":{"line":85,"column":4},"end":{"line":194,"column":5}},"24":{"start":{"line":91,"column":8},"end":{"line":99,"column":10}},"25":{"start":{"line":98,"column":12},"end":{"line":98,"column":35}},"26":{"start":{"line":102,"column":8},"end":{"line":104,"column":63}},"27":{"start":{"line":105,"column":8},"end":{"line":105,"column":14}},"28":{"start":{"line":112,"column":8},"end":{"line":121,"column":10},"skip":true},"29":{"start":{"line":119,"column":12},"end":{"line":119,"column":55},"skip":true},"30":{"start":{"line":120,"column":12},"end":{"line":120,"column":48},"skip":true},"31":{"start":{"line":123,"column":8},"end":{"line":136,"column":10},"skip":true},"32":{"start":{"line":130,"column":12},"end":{"line":130,"column":76},"skip":true},"33":{"start":{"line":131,"column":12},"end":{"line":131,"column":73},"skip":true},"34":{"start":{"line":132,"column":12},"end":{"line":132,"column":74},"skip":true},"35":{"start":{"line":133,"column":12},"end":{"line":133,"column":79},"skip":true},"36":{"start":{"line":134,"column":12},"end":{"line":134,"column":25},"skip":true},"37":{"start":{"line":135,"column":12},"end":{"line":135,"column":45},"skip":true},"38":{"start":{"line":138,"column":8},"end":{"line":145,"column":14},"skip":true},"39":{"start":{"line":143,"column":16},"end":{"line":143,"column":29},"skip":true},"40":{"start":{"line":144,"column":16},"end":{"line":144,"column":55},"skip":true},"41":{"start":{"line":147,"column":8},"end":{"line":156,"column":10},"skip":true},"42":{"start":{"line":154,"column":12},"end":{"line":154,"column":25},"skip":true},"43":{"start":{"line":155,"column":12},"end":{"line":155,"column":45},"skip":true},"44":{"start":{"line":158,"column":8},"end":{"line":167,"column":10},"skip":true},"45":{"start":{"line":165,"column":12},"end":{"line":165,"column":25},"skip":true},"46":{"start":{"line":166,"column":12},"end":{"line":166,"column":48},"skip":true},"47":{"start":{"line":169,"column":8},"end":{"line":178,"column":10},"skip":true},"48":{"start":{"line":176,"column":12},"end":{"line":176,"column":25},"skip":true},"49":{"start":{"line":177,"column":12},"end":{"line":177,"column":46},"skip":true},"50":{"start":{"line":180,"column":8},"end":{"line":189,"column":10},"skip":true},"51":{"start":{"line":187,"column":12},"end":{"line":187,"column":94},"skip":true},"52":{"start":{"line":188,"column":12},"end":{"line":188,"column":48},"skip":true},"53":{"start":{"line":192,"column":8},"end":{"line":192,"column":35},"skip":true},"54":{"start":{"line":193,"column":8},"end":{"line":193,"column":14},"skip":true}},"branchMap":{"1":{"line":25,"type":"binary-expr","locations":[{"start":{"line":25,"column":23},"end":{"line":25,"column":62}},{"start":{"line":26,"column":20},"end":{"line":26,"column":70}},{"start":{"line":27,"column":20},"end":{"line":27,"column":71}},{"start":{"line":28,"column":20},"end":{"line":28,"column":29}}]},"2":{"line":30,"type":"binary-expr","locations":[{"start":{"line":30,"column":23},"end":{"line":30,"column":37}},{"start":{"line":31,"column":20},"end":{"line":31,"column":61}},{"start":{"line":32,"column":20},"end":{"line":32,"column":70}},{"start":{"line":33,"column":20},"end":{"line":33,"column":26}}]},"3":{"line":37,"type":"cond-expr","locations":[{"start":{"line":38,"column":14},"end":{"line":38,"column":20}},{"start":{"line":39,"column":14},"end":{"line":39,"column":20}}]},"4":{"line":40,"type":"switch","locations":[{"start":{"line":42,"column":8},"end":{"line":47,"column":18}},{"start":{"line":49,"column":8},"end":{"line":52,"column":18}}]},"5":{"line":44,"type":"binary-expr","locations":[{"start":{"line":44,"column":16},"end":{"line":44,"column":44}},{"start":{"line":44,"column":48},"end":{"line":44,"column":66}}]},"6":{"line":50,"type":"binary-expr","locations":[{"start":{"line":50,"column":21},"end":{"line":50,"column":49}},{"start":{"line":50,"column":53},"end":{"line":50,"column":72}}]},"7":{"line":64,"type":"switch","locations":[{"start":{"line":69,"column":4},"end":{"line":70,"column":14}},{"start":{"line":75,"column":4},"end":{"line":76,"column":14}}]},"8":{"line":85,"type":"switch","locations":[{"start":{"line":90,"column":4},"end":{"line":105,"column":14}},{"start":{"line":111,"column":4},"end":{"line":193,"column":14},"skip":true}]},"9":{"line":91,"type":"binary-expr","locations":[{"start":{"line":91,"column":42},"end":{"line":91,"column":73}},{"start":{"line":91,"column":77},"end":{"line":99,"column":9}}]},"10":{"line":102,"type":"binary-expr","locations":[{"start":{"line":102,"column":18},"end":{"line":102,"column":32}},{"start":{"line":103,"column":12},"end":{"line":103,"column":53}},{"start":{"line":104,"column":12},"end":{"line":104,"column":61}}]},"11":{"line":112,"type":"binary-expr","locations":[{"start":{"line":112,"column":45},"end":{"line":112,"column":79},"skip":true},{"start":{"line":112,"column":83},"end":{"line":121,"column":9},"skip":true}]},"12":{"line":123,"type":"binary-expr","locations":[{"start":{"line":123,"column":42},"end":{"line":123,"column":73},"skip":true},{"start":{"line":123,"column":77},"end":{"line":136,"column":9},"skip":true}]},"13":{"line":138,"type":"binary-expr","locations":[{"start":{"line":138,"column":48},"end":{"line":138,"column":85},"skip":true},{"start":{"line":139,"column":12},"end":{"line":145,"column":13},"skip":true}]},"14":{"line":147,"type":"binary-expr","locations":[{"start":{"line":147,"column":42},"end":{"line":147,"column":73},"skip":true},{"start":{"line":147,"column":77},"end":{"line":156,"column":9},"skip":true}]},"15":{"line":158,"type":"binary-expr","locations":[{"start":{"line":158,"column":45},"end":{"line":158,"column":79},"skip":true},{"start":{"line":158,"column":83},"end":{"line":167,"column":9},"skip":true}]},"16":{"line":169,"type":"binary-expr","locations":[{"start":{"line":169,"column":43},"end":{"line":169,"column":75},"skip":true},{"start":{"line":169,"column":79},"end":{"line":178,"column":9},"skip":true}]},"17":{"line":180,"type":"binary-expr","locations":[{"start":{"line":180,"column":41},"end":{"line":180,"column":71},"skip":true},{"start":{"line":180,"column":75},"end":{"line":189,"column":9},"skip":true}]}},"code":["/* istanbul instrument in package npmtest_paypal_rest_sdk */","/*jslint","    bitwise: true,","    browser: true,","    maxerr: 8,","    maxlen: 96,","    node: true,","    nomen: true,","    regexp: true,","    stupid: true","*/","(function () {","    'use strict';","    var local;","","","","    // run shared js-env code - pre-init","    (function () {","        // init local","        local = {};","        // init modeJs","        local.modeJs = (function () {","            try {","                return typeof navigator.userAgent === 'string' &&","                    typeof document.querySelector('body') === 'object' &&","                    typeof XMLHttpRequest.prototype.open === 'function' &&","                    'browser';","            } catch (errorCaughtBrowser) {","                return module.exports &&","                    typeof process.versions.node === 'string' &&","                    typeof require('http').createServer === 'function' &&","                    'node';","            }","        }());","        // init global","        local.global = local.modeJs === 'browser'","            ? window","            : global;","        switch (local.modeJs) {","        // re-init local from window.local","        case 'browser':","            local = local.global.utility2.objectSetDefault(","                local.global.utility2_rollup || local.global.local,","                local.global.utility2","            );","            break;","        // re-init local from example.js","        case 'node':","            local = (local.global.utility2_rollup || require('utility2'))","                .requireExampleJsFromReadme();","            break;","        }","        // export local","        local.global.local = local;","    }());","","","","    // run shared js-env code - function","    (function () {","        return;","    }());","    switch (local.modeJs) {","","","","    // run browser js-env code - function","    case 'browser':","        break;","","","","    // run node js-env code - function","    case 'node':","        break;","    }","","","","    // run shared js-env code - post-init","    (function () {","        return;","    }());","    switch (local.modeJs) {","","","","    // run browser js-env code - post-init","    case 'browser':","        local.testCase_browser_nullCase = local.testCase_browser_nullCase || function (","            options,","            onError","        ) {","        /*","         * this function will test browsers's null-case handling-behavior-behavior","         */","            onError(null, options);","        };","","        // run tests","        local.nop(local.modeTest &&","            document.querySelector('#testRunButton1') &&","            document.querySelector('#testRunButton1').click());","        break;","","","","    // run node js-env code - post-init","    /* istanbul ignore next */","    case 'node':","        local.testCase_buildApidoc_default = local.testCase_buildApidoc_default || function (","            options,","            onError","        ) {","        /*","         * this function will test buildApidoc's default handling-behavior-behavior","         */","            options = { modulePathList: module.paths };","            local.buildApidoc(options, onError);","        };","","        local.testCase_buildApp_default = local.testCase_buildApp_default || function (","            options,","            onError","        ) {","        /*","         * this function will test buildApp's default handling-behavior-behavior","         */","            local.testCase_buildReadme_default(options, local.onErrorThrow);","            local.testCase_buildLib_default(options, local.onErrorThrow);","            local.testCase_buildTest_default(options, local.onErrorThrow);","            local.testCase_buildCustomOrg_default(options, local.onErrorThrow);","            options = [];","            local.buildApp(options, onError);","        };","","        local.testCase_buildCustomOrg_default = local.testCase_buildCustomOrg_default ||","            function (options, onError) {","            /*","             * this function will test buildCustomOrg's default handling-behavior","             */","                options = {};","                local.buildCustomOrg(options, onError);","            };","","        local.testCase_buildLib_default = local.testCase_buildLib_default || function (","            options,","            onError","        ) {","        /*","         * this function will test buildLib's default handling-behavior","         */","            options = {};","            local.buildLib(options, onError);","        };","","        local.testCase_buildReadme_default = local.testCase_buildReadme_default || function (","            options,","            onError","        ) {","        /*","         * this function will test buildReadme's default handling-behavior-behavior","         */","            options = {};","            local.buildReadme(options, onError);","        };","","        local.testCase_buildTest_default = local.testCase_buildTest_default || function (","            options,","            onError","        ) {","        /*","         * this function will test buildTest's default handling-behavior","         */","            options = {};","            local.buildTest(options, onError);","        };","","        local.testCase_webpage_default = local.testCase_webpage_default || function (","            options,","            onError","        ) {","        /*","         * this function will test webpage's default handling-behavior","         */","            options = { modeCoverageMerge: true, url: local.serverLocalHost + '?modeTest=1' };","            local.browserTest(options, onError);","        };","","        // run test-server","        local.testRunServer(local);","        break;","    }","}());",""],"l":{"12":2,"14":2,"19":2,"21":2,"23":2,"24":2,"25":2,"30":1,"37":2,"40":2,"43":1,"47":1,"50":1,"52":1,"55":2,"61":2,"62":2,"64":2,"70":1,"76":1,"82":2,"83":2,"85":2,"91":1,"98":1,"102":1,"105":1,"112":1,"119":1,"120":1,"123":1,"130":1,"131":1,"132":1,"133":1,"134":1,"135":1,"138":1,"143":2,"144":2,"147":1,"154":2,"155":2,"158":1,"165":2,"166":2,"169":1,"176":2,"177":2,"180":1,"187":1,"188":1,"192":1,"193":1}},"/home/travis/build/npmtest/node-npmtest-paypal-rest-sdk/lib.npmtest_paypal_rest_sdk.js":{"path":"/home/travis/build/npmtest/node-npmtest-paypal-rest-sdk/lib.npmtest_paypal_rest_sdk.js","s":{"1":2,"2":2,"3":2,"4":2,"5":2,"6":2,"7":2,"8":1,"9":2,"10":2,"11":2,"12":2,"13":1,"14":1,"15":1,"16":1},"b":{"1":[2,1,1,1],"2":[1,1,1,1],"3":[1,1],"4":[2,2],"5":[1,1]},"f":{"1":2,"2":2,"3":2},"fnMap":{"1":{"name":"(anonymous_1)","line":12,"loc":{"start":{"line":12,"column":1},"end":{"line":12,"column":13}}},"2":{"name":"(anonymous_2)","line":19,"loc":{"start":{"line":19,"column":5},"end":{"line":19,"column":17}}},"3":{"name":"(anonymous_3)","line":23,"loc":{"start":{"line":23,"column":24},"end":{"line":23,"column":36}}}},"statementMap":{"1":{"start":{"line":12,"column":0},"end":{"line":53,"column":5}},"2":{"start":{"line":14,"column":4},"end":{"line":14,"column":14}},"3":{"start":{"line":19,"column":4},"end":{"line":52,"column":9}},"4":{"start":{"line":21,"column":8},"end":{"line":21,"column":19}},"5":{"start":{"line":23,"column":8},"end":{"line":35,"column":13}},"6":{"start":{"line":24,"column":12},"end":{"line":34,"column":13}},"7":{"start":{"line":25,"column":16},"end":{"line":28,"column":30}},"8":{"start":{"line":30,"column":16},"end":{"line":33,"column":27}},"9":{"start":{"line":37,"column":8},"end":{"line":39,"column":21}},"10":{"start":{"line":41,"column":8},"end":{"line":41,"column":54}},"11":{"start":{"line":43,"column":8},"end":{"line":43,"column":60}},"12":{"start":{"line":45,"column":8},"end":{"line":51,"column":9}},"13":{"start":{"line":46,"column":12},"end":{"line":46,"column":66}},"14":{"start":{"line":48,"column":12},"end":{"line":48,"column":35}},"15":{"start":{"line":49,"column":12},"end":{"line":49,"column":49}},"16":{"start":{"line":50,"column":12},"end":{"line":50,"column":43}}},"branchMap":{"1":{"line":25,"type":"binary-expr","locations":[{"start":{"line":25,"column":23},"end":{"line":25,"column":62}},{"start":{"line":26,"column":20},"end":{"line":26,"column":70}},{"start":{"line":27,"column":20},"end":{"line":27,"column":71}},{"start":{"line":28,"column":20},"end":{"line":28,"column":29}}]},"2":{"line":30,"type":"binary-expr","locations":[{"start":{"line":30,"column":23},"end":{"line":30,"column":37}},{"start":{"line":31,"column":20},"end":{"line":31,"column":61}},{"start":{"line":32,"column":20},"end":{"line":32,"column":70}},{"start":{"line":33,"column":20},"end":{"line":33,"column":26}}]},"3":{"line":37,"type":"cond-expr","locations":[{"start":{"line":38,"column":14},"end":{"line":38,"column":20}},{"start":{"line":39,"column":14},"end":{"line":39,"column":20}}]},"4":{"line":41,"type":"binary-expr","locations":[{"start":{"line":41,"column":16},"end":{"line":41,"column":44}},{"start":{"line":41,"column":48},"end":{"line":41,"column":53}}]},"5":{"line":45,"type":"if","locations":[{"start":{"line":45,"column":8},"end":{"line":45,"column":8}},{"start":{"line":45,"column":8},"end":{"line":45,"column":8}}]}},"code":["/* istanbul instrument in package npmtest_paypal_rest_sdk */","/*jslint","    bitwise: true,","    browser: true,","    maxerr: 8,","    maxlen: 96,","    node: true,","    nomen: true,","    regexp: true,","    stupid: true","*/","(function () {","    'use strict';","    var local;","","","","    // run shared js-env code - pre-init","    (function () {","        // init local","        local = {};","        // init modeJs","        local.modeJs = (function () {","            try {","                return typeof navigator.userAgent === 'string' &&","                    typeof document.querySelector('body') === 'object' &&","                    typeof XMLHttpRequest.prototype.open === 'function' &&","                    'browser';","            } catch (errorCaughtBrowser) {","                return module.exports &&","                    typeof process.versions.node === 'string' &&","                    typeof require('http').createServer === 'function' &&","                    'node';","            }","        }());","        // init global","        local.global = local.modeJs === 'browser'","            ? window","            : global;","        // init utility2_rollup","        local = local.global.utility2_rollup || local;","        // init lib","        local.local = local.npmtest_paypal_rest_sdk = local;","        // init exports","        if (local.modeJs === 'browser') {","            local.global.utility2_npmtest_paypal_rest_sdk = local;","        } else {","            module.exports = local;","            module.exports.__dirname = __dirname;","            module.exports.module = module;","        }","    }());","}());",""],"l":{"12":2,"14":2,"19":2,"21":2,"23":2,"24":2,"25":2,"30":1,"37":2,"41":2,"43":2,"45":2,"46":1,"48":1,"49":1,"50":1}},"/home/travis/build/npmtest/node-npmtest-paypal-rest-sdk/example.js":{"path":"/home/travis/build/npmtest/node-npmtest-paypal-rest-sdk/example.js","s":{"1":2,"2":2,"3":2,"4":2,"5":2,"6":2,"7":2,"8":1,"9":2,"10":2,"11":2,"12":2,"13":1,"14":2,"15":2,"16":2,"17":2,"18":2,"19":0,"20":2,"21":1,"22":1,"23":1,"24":1,"25":1,"26":0,"27":0,"28":1,"29":1,"30":2,"31":0,"32":0,"33":0,"34":1,"35":2,"36":2,"37":3,"38":3,"39":3,"40":3,"41":0,"42":3,"43":3,"44":3,"45":1,"46":3,"47":1,"48":1,"49":1,"50":1,"51":1,"52":1,"53":1,"54":1,"55":1,"56":1,"57":0,"58":1,"59":6,"60":6,"61":1,"62":2,"63":0,"64":2,"65":1,"66":1,"67":0,"68":0,"69":0,"70":0,"71":0,"72":0,"73":0,"74":0,"75":0,"76":0,"77":0,"78":0,"79":0,"80":0,"81":0,"82":0,"83":0},"b":{"1":[2,1,1,1],"2":[1,1,1,1],"3":[1,1],"4":[2,2],"5":[1,1],"6":[1,1],"7":[2,0],"8":[2,1,1,1,1,1],"9":[0,2,0],"10":[1,1],"11":[2,1,1],"12":[1,0],"13":[0,2],"14":[2,0,0,0,0,0,0],"15":[0,3],"16":[3,0],"17":[1,1],"18":[0,1],"19":[1,2,0,2],"20":[1,0],"21":[1,1],"22":[0,0],"23":[0,0],"24":[0,0],"25":[0,0],"26":[0,0],"27":[0,0],"28":[0,0]},"f":{"1":2,"2":2,"3":2,"4":2,"5":2,"6":2,"7":3,"8":3,"9":3,"10":1,"11":6,"12":0},"fnMap":{"1":{"name":"(anonymous_1)","line":26,"loc":{"start":{"line":26,"column":1},"end":{"line":26,"column":13}}},"2":{"name":"(anonymous_2)","line":33,"loc":{"start":{"line":33,"column":5},"end":{"line":33,"column":17}}},"3":{"name":"(anonymous_3)","line":37,"loc":{"start":{"line":37,"column":24},"end":{"line":37,"column":36}}},"4":{"name":"(anonymous_4)","line":69,"loc":{"start":{"line":69,"column":31},"end":{"line":69,"column":48}},"skip":true},"5":{"name":"(anonymous_5)","line":78,"loc":{"start":{"line":78,"column":26},"end":{"line":78,"column":45}},"skip":true},"6":{"name":"(anonymous_6)","line":123,"loc":{"start":{"line":123,"column":33},"end":{"line":123,"column":48}},"skip":true},"7":{"name":"(anonymous_7)","line":125,"loc":{"start":{"line":125,"column":27},"end":{"line":125,"column":39}},"skip":true},"8":{"name":"(anonymous_8)","line":133,"loc":{"start":{"line":133,"column":59},"end":{"line":133,"column":74}},"skip":true},"9":{"name":"(anonymous_9)","line":143,"loc":{"start":{"line":143,"column":45},"end":{"line":143,"column":62}},"skip":true},"10":{"name":"(anonymous_10)","line":144,"loc":{"start":{"line":144,"column":73},"end":{"line":144,"column":92}},"skip":true},"11":{"name":"(anonymous_11)","line":272,"loc":{"start":{"line":272,"column":51},"end":{"line":272,"column":77}},"skip":true},"12":{"name":"(anonymous_12)","line":315,"loc":{"start":{"line":315,"column":32},"end":{"line":315,"column":61}},"skip":true}},"statementMap":{"1":{"start":{"line":26,"column":0},"end":{"line":326,"column":5}},"2":{"start":{"line":28,"column":4},"end":{"line":28,"column":14}},"3":{"start":{"line":33,"column":4},"end":{"line":60,"column":9}},"4":{"start":{"line":35,"column":8},"end":{"line":35,"column":19}},"5":{"start":{"line":37,"column":8},"end":{"line":49,"column":13}},"6":{"start":{"line":38,"column":12},"end":{"line":48,"column":13}},"7":{"start":{"line":39,"column":16},"end":{"line":42,"column":30}},"8":{"start":{"line":44,"column":16},"end":{"line":47,"column":27}},"9":{"start":{"line":51,"column":8},"end":{"line":53,"column":21}},"10":{"start":{"line":55,"column":8},"end":{"line":57,"column":45}},"11":{"start":{"line":59,"column":8},"end":{"line":59,"column":35}},"12":{"start":{"line":61,"column":4},"end":{"line":325,"column":5}},"13":{"start":{"line":69,"column":8},"end":{"line":121,"column":10},"skip":true},"14":{"start":{"line":70,"column":12},"end":{"line":88,"column":13},"skip":true},"15":{"start":{"line":76,"column":16},"end":{"line":87,"column":19},"skip":true},"16":{"start":{"line":79,"column":20},"end":{"line":86,"column":21},"skip":true},"17":{"start":{"line":82,"column":24},"end":{"line":82,"column":43},"skip":true},"18":{"start":{"line":83,"column":24},"end":{"line":83,"column":30},"skip":true},"19":{"start":{"line":85,"column":24},"end":{"line":85,"column":49},"skip":true},"20":{"start":{"line":89,"column":12},"end":{"line":107,"column":13},"skip":true},"21":{"start":{"line":92,"column":16},"end":{"line":102,"column":17},"skip":true},"22":{"start":{"line":93,"column":20},"end":{"line":93,"column":86},"skip":true},"23":{"start":{"line":94,"column":20},"end":{"line":95,"column":45},"skip":true},"24":{"start":{"line":96,"column":20},"end":{"line":96,"column":42},"skip":true},"25":{"start":{"line":97,"column":20},"end":{"line":97,"column":48},"skip":true},"26":{"start":{"line":100,"column":20},"end":{"line":100,"column":85},"skip":true},"27":{"start":{"line":101,"column":20},"end":{"line":101,"column":96},"skip":true},"28":{"start":{"line":103,"column":16},"end":{"line":103,"column":22},"skip":true},"29":{"start":{"line":106,"column":16},"end":{"line":106,"column":22},"skip":true},"30":{"start":{"line":108,"column":12},"end":{"line":120,"column":13},"skip":true},"31":{"start":{"line":114,"column":16},"end":{"line":119,"column":17},"skip":true},"32":{"start":{"line":116,"column":20},"end":{"line":116,"column":78},"skip":true},"33":{"start":{"line":118,"column":20},"end":{"line":118,"column":47},"skip":true},"34":{"start":{"line":123,"column":8},"end":{"line":141,"column":11},"skip":true},"35":{"start":{"line":124,"column":12},"end":{"line":124,"column":54},"skip":true},"36":{"start":{"line":125,"column":12},"end":{"line":140,"column":14},"skip":true},"37":{"start":{"line":126,"column":16},"end":{"line":126,"column":28},"skip":true},"38":{"start":{"line":127,"column":16},"end":{"line":127,"column":69},"skip":true},"39":{"start":{"line":128,"column":16},"end":{"line":128,"column":75},"skip":true},"40":{"start":{"line":129,"column":16},"end":{"line":131,"column":17},"skip":true},"41":{"start":{"line":130,"column":20},"end":{"line":130,"column":27},"skip":true},"42":{"start":{"line":133,"column":16},"end":{"line":137,"column":36},"skip":true},"43":{"start":{"line":134,"column":20},"end":{"line":136,"column":55},"skip":true},"44":{"start":{"line":139,"column":16},"end":{"line":139,"column":57},"skip":true},"45":{"start":{"line":143,"column":8},"end":{"line":147,"column":11},"skip":true},"46":{"start":{"line":144,"column":12},"end":{"line":146,"column":15},"skip":true},"47":{"start":{"line":145,"column":16},"end":{"line":145,"column":70},"skip":true},"48":{"start":{"line":149,"column":8},"end":{"line":149,"column":31},"skip":true},"49":{"start":{"line":150,"column":8},"end":{"line":150,"column":14},"skip":true},"50":{"start":{"line":158,"column":8},"end":{"line":158,"column":31},"skip":true},"51":{"start":{"line":160,"column":8},"end":{"line":160,"column":33},"skip":true},"52":{"start":{"line":161,"column":8},"end":{"line":161,"column":37},"skip":true},"53":{"start":{"line":162,"column":8},"end":{"line":162,"column":35},"skip":true},"54":{"start":{"line":164,"column":8},"end":{"line":164,"column":50},"skip":true},"55":{"start":{"line":166,"column":8},"end":{"line":256,"column":2},"skip":true},"56":{"start":{"line":258,"column":8},"end":{"line":286,"column":9},"skip":true},"57":{"start":{"line":259,"column":12},"end":{"line":269,"column":14},"skip":true},"58":{"start":{"line":271,"column":12},"end":{"line":285,"column":19},"skip":true},"59":{"start":{"line":274,"column":20},"end":{"line":274,"column":35},"skip":true},"60":{"start":{"line":275,"column":20},"end":{"line":284,"column":21},"skip":true},"61":{"start":{"line":277,"column":24},"end":{"line":277,"column":64},"skip":true},"62":{"start":{"line":279,"column":24},"end":{"line":279,"column":40},"skip":true},"63":{"start":{"line":281,"column":24},"end":{"line":281,"column":40},"skip":true},"64":{"start":{"line":283,"column":24},"end":{"line":283,"column":39},"skip":true},"65":{"start":{"line":288,"column":8},"end":{"line":290,"column":9},"skip":true},"66":{"start":{"line":289,"column":12},"end":{"line":289,"column":18},"skip":true},"67":{"start":{"line":291,"column":8},"end":{"line":293,"column":54},"skip":true},"68":{"start":{"line":296,"column":8},"end":{"line":301,"column":37},"skip":true},"69":{"start":{"line":303,"column":8},"end":{"line":303,"column":82},"skip":true},"70":{"start":{"line":306,"column":8},"end":{"line":308,"column":9},"skip":true},"71":{"start":{"line":307,"column":12},"end":{"line":307,"column":82},"skip":true},"72":{"start":{"line":310,"column":8},"end":{"line":312,"column":9},"skip":true},"73":{"start":{"line":311,"column":12},"end":{"line":311,"column":18},"skip":true},"74":{"start":{"line":313,"column":8},"end":{"line":313,"column":54},"skip":true},"75":{"start":{"line":314,"column":8},"end":{"line":314,"column":69},"skip":true},"76":{"start":{"line":315,"column":8},"end":{"line":323,"column":36},"skip":true},"77":{"start":{"line":316,"column":12},"end":{"line":316,"column":61},"skip":true},"78":{"start":{"line":317,"column":12},"end":{"line":320,"column":13},"skip":true},"79":{"start":{"line":318,"column":16},"end":{"line":318,"column":75},"skip":true},"80":{"start":{"line":319,"column":16},"end":{"line":319,"column":23},"skip":true},"81":{"start":{"line":321,"column":12},"end":{"line":321,"column":38},"skip":true},"82":{"start":{"line":322,"column":12},"end":{"line":322,"column":27},"skip":true},"83":{"start":{"line":324,"column":8},"end":{"line":324,"column":14},"skip":true}},"branchMap":{"1":{"line":39,"type":"binary-expr","locations":[{"start":{"line":39,"column":23},"end":{"line":39,"column":62}},{"start":{"line":40,"column":20},"end":{"line":40,"column":70}},{"start":{"line":41,"column":20},"end":{"line":41,"column":71}},{"start":{"line":42,"column":20},"end":{"line":42,"column":29}}]},"2":{"line":44,"type":"binary-expr","locations":[{"start":{"line":44,"column":23},"end":{"line":44,"column":37}},{"start":{"line":45,"column":20},"end":{"line":45,"column":61}},{"start":{"line":46,"column":20},"end":{"line":46,"column":70}},{"start":{"line":47,"column":20},"end":{"line":47,"column":26}}]},"3":{"line":51,"type":"cond-expr","locations":[{"start":{"line":52,"column":14},"end":{"line":52,"column":20}},{"start":{"line":53,"column":14},"end":{"line":53,"column":20}}]},"4":{"line":55,"type":"binary-expr","locations":[{"start":{"line":55,"column":16},"end":{"line":55,"column":44}},{"start":{"line":55,"column":49},"end":{"line":57,"column":43}}]},"5":{"line":55,"type":"cond-expr","locations":[{"start":{"line":56,"column":14},"end":{"line":56,"column":59}},{"start":{"line":57,"column":14},"end":{"line":57,"column":43}}]},"6":{"line":61,"type":"switch","locations":[{"start":{"line":68,"column":4},"end":{"line":150,"column":14},"skip":true},{"start":{"line":156,"column":4},"end":{"line":324,"column":14},"skip":true}]},"7":{"line":70,"type":"if","locations":[{"start":{"line":70,"column":12},"end":{"line":70,"column":12},"skip":true},{"start":{"line":70,"column":12},"end":{"line":70,"column":12},"skip":true}]},"8":{"line":70,"type":"binary-expr","locations":[{"start":{"line":70,"column":16},"end":{"line":70,"column":22},"skip":true},{"start":{"line":70,"column":27},"end":{"line":70,"column":32},"skip":true},{"start":{"line":71,"column":20},"end":{"line":71,"column":39},"skip":true},{"start":{"line":72,"column":20},"end":{"line":72,"column":49},"skip":true},{"start":{"line":73,"column":20},"end":{"line":73,"column":58},"skip":true},{"start":{"line":74,"column":20},"end":{"line":74,"column":69},"skip":true}]},"9":{"line":79,"type":"switch","locations":[{"start":{"line":80,"column":20},"end":{"line":80,"column":33},"skip":true},{"start":{"line":81,"column":20},"end":{"line":83,"column":30},"skip":true},{"start":{"line":84,"column":20},"end":{"line":85,"column":49},"skip":true}]},"10":{"line":89,"type":"switch","locations":[{"start":{"line":90,"column":12},"end":{"line":103,"column":22},"skip":true},{"start":{"line":105,"column":12},"end":{"line":106,"column":22},"skip":true}]},"11":{"line":89,"type":"binary-expr","locations":[{"start":{"line":89,"column":20},"end":{"line":89,"column":25},"skip":true},{"start":{"line":89,"column":29},"end":{"line":89,"column":48},"skip":true},{"start":{"line":89,"column":52},"end":{"line":89,"column":74},"skip":true}]},"12":{"line":92,"type":"if","locations":[{"start":{"line":92,"column":16},"end":{"line":92,"column":16},"skip":true},{"start":{"line":92,"column":16},"end":{"line":92,"column":16},"skip":true}]},"13":{"line":108,"type":"if","locations":[{"start":{"line":108,"column":12},"end":{"line":108,"column":12},"skip":true},{"start":{"line":108,"column":12},"end":{"line":108,"column":12},"skip":true}]},"14":{"line":108,"type":"binary-expr","locations":[{"start":{"line":108,"column":16},"end":{"line":108,"column":61},"skip":true},{"start":{"line":108,"column":66},"end":{"line":108,"column":72},"skip":true},{"start":{"line":108,"column":77},"end":{"line":108,"column":82},"skip":true},{"start":{"line":109,"column":20},"end":{"line":109,"column":39},"skip":true},{"start":{"line":110,"column":20},"end":{"line":110,"column":49},"skip":true},{"start":{"line":111,"column":20},"end":{"line":111,"column":58},"skip":true},{"start":{"line":112,"column":20},"end":{"line":112,"column":68},"skip":true}]},"15":{"line":129,"type":"if","locations":[{"start":{"line":129,"column":16},"end":{"line":129,"column":16},"skip":true},{"start":{"line":129,"column":16},"end":{"line":129,"column":16},"skip":true}]},"16":{"line":134,"type":"cond-expr","locations":[{"start":{"line":135,"column":26},"end":{"line":135,"column":29},"skip":true},{"start":{"line":136,"column":26},"end":{"line":136,"column":54},"skip":true}]},"17":{"line":164,"type":"binary-expr","locations":[{"start":{"line":164,"column":27},"end":{"line":164,"column":43},"skip":true},{"start":{"line":164,"column":47},"end":{"line":164,"column":49},"skip":true}]},"18":{"line":258,"type":"if","locations":[{"start":{"line":258,"column":8},"end":{"line":258,"column":8},"skip":true},{"start":{"line":258,"column":8},"end":{"line":258,"column":8},"skip":true}]},"19":{"line":275,"type":"switch","locations":[{"start":{"line":276,"column":20},"end":{"line":277,"column":64},"skip":true},{"start":{"line":278,"column":20},"end":{"line":279,"column":40},"skip":true},{"start":{"line":280,"column":20},"end":{"line":281,"column":40},"skip":true},{"start":{"line":282,"column":20},"end":{"line":283,"column":39},"skip":true}]},"20":{"line":288,"type":"if","locations":[{"start":{"line":288,"column":8},"end":{"line":288,"column":8},"skip":true},{"start":{"line":288,"column":8},"end":{"line":288,"column":8},"skip":true}]},"21":{"line":288,"type":"binary-expr","locations":[{"start":{"line":288,"column":12},"end":{"line":288,"column":40},"skip":true},{"start":{"line":288,"column":44},"end":{"line":288,"column":67},"skip":true}]},"22":{"line":292,"type":"binary-expr","locations":[{"start":{"line":292,"column":12},"end":{"line":292,"column":50},"skip":true},{"start":{"line":293,"column":12},"end":{"line":293,"column":53},"skip":true}]},"23":{"line":297,"type":"binary-expr","locations":[{"start":{"line":297,"column":12},"end":{"line":297,"column":73},"skip":true},{"start":{"line":298,"column":12},"end":{"line":301,"column":36},"skip":true}]},"24":{"line":303,"type":"binary-expr","locations":[{"start":{"line":303,"column":43},"end":{"line":303,"column":75},"skip":true},{"start":{"line":303,"column":79},"end":{"line":303,"column":81},"skip":true}]},"25":{"line":306,"type":"if","locations":[{"start":{"line":306,"column":8},"end":{"line":306,"column":8},"skip":true},{"start":{"line":306,"column":8},"end":{"line":306,"column":8},"skip":true}]},"26":{"line":310,"type":"if","locations":[{"start":{"line":310,"column":8},"end":{"line":310,"column":8},"skip":true},{"start":{"line":310,"column":8},"end":{"line":310,"column":8},"skip":true}]},"27":{"line":313,"type":"binary-expr","locations":[{"start":{"line":313,"column":27},"end":{"line":313,"column":43},"skip":true},{"start":{"line":313,"column":47},"end":{"line":313,"column":53},"skip":true}]},"28":{"line":317,"type":"if","locations":[{"start":{"line":317,"column":12},"end":{"line":317,"column":12},"skip":true},{"start":{"line":317,"column":12},"end":{"line":317,"column":12},"skip":true}]}},"code":["/*","example.js","","quickstart example","","instruction","    1. save this script as example.js","    2. run the shell command:","        $ npm install npmtest-paypal-rest-sdk && PORT=8081 node example.js","    3. play with the browser-demo on http://127.0.0.1:8081","*/","","","","/* istanbul instrument in package npmtest_paypal_rest_sdk */","/*jslint","    bitwise: true,","    browser: true,","    maxerr: 8,","    maxlen: 96,","    node: true,","    nomen: true,","    regexp: true,","    stupid: true","*/","(function () {","    'use strict';","    var local;","","","","    // run shared js-env code - pre-init","    (function () {","        // init local","        local = {};","        // init modeJs","        local.modeJs = (function () {","            try {","                return typeof navigator.userAgent === 'string' &&","                    typeof document.querySelector('body') === 'object' &&","                    typeof XMLHttpRequest.prototype.open === 'function' &&","                    'browser';","            } catch (errorCaughtBrowser) {","                return module.exports &&","                    typeof process.versions.node === 'string' &&","                    typeof require('http').createServer === 'function' &&","                    'node';","            }","        }());","        // init global","        local.global = local.modeJs === 'browser'","            ? window","            : global;","        // init utility2_rollup","        local = local.global.utility2_rollup || (local.modeJs === 'browser'","            ? local.global.utility2_npmtest_paypal_rest_sdk","            : global.utility2_moduleExports);","        // export local","        local.global.local = local;","    }());","    switch (local.modeJs) {","","","","    // post-init","    // run browser js-env code - post-init","    /* istanbul ignore next */","    case 'browser':","        local.testRunBrowser = function (event) {","            if (!event || (event &&","                    event.currentTarget &&","                    event.currentTarget.className &&","                    event.currentTarget.className.includes &&","                    event.currentTarget.className.includes('onreset'))) {","                // reset output","                Array.from(","                    document.querySelectorAll('body > .resettable')","                ).forEach(function (element) {","                    switch (element.tagName) {","                    case 'INPUT':","                    case 'TEXTAREA':","                        element.value = '';","                        break;","                    default:","                        element.textContent = '';","                    }","                });","            }","            switch (event && event.currentTarget && event.currentTarget.id) {","            case 'testRunButton1':","                // show tests","                if (document.querySelector('#testReportDiv1').style.display === 'none') {","                    document.querySelector('#testReportDiv1').style.display = 'block';","                    document.querySelector('#testRunButton1').textContent =","                        'hide internal test';","                    local.modeTest = true;","                    local.testRunDefault(local);","                // hide tests","                } else {","                    document.querySelector('#testReportDiv1').style.display = 'none';","                    document.querySelector('#testRunButton1').textContent = 'run internal test';","                }","                break;","            // custom-case","            default:","                break;","            }","            if (document.querySelector('#inputTextareaEval1') && (!event || (event &&","                    event.currentTarget &&","                    event.currentTarget.className &&","                    event.currentTarget.className.includes &&","                    event.currentTarget.className.includes('oneval')))) {","                // try to eval input-code","                try {","                    /*jslint evil: true*/","                    eval(document.querySelector('#inputTextareaEval1').value);","                } catch (errorCaught) {","                    console.error(errorCaught);","                }","            }","        };","        // log stderr and stdout to #outputTextareaStdout1","        ['error', 'log'].forEach(function (key) {","            console[key + '_original'] = console[key];","            console[key] = function () {","                var element;","                console[key + '_original'].apply(console, arguments);","                element = document.querySelector('#outputTextareaStdout1');","                if (!element) {","                    return;","                }","                // append text to #outputTextareaStdout1","                element.value += Array.from(arguments).map(function (arg) {","                    return typeof arg === 'string'","                        ? arg","                        : JSON.stringify(arg, null, 4);","                }).join(' ') + '\\n';","                // scroll textarea to bottom","                element.scrollTop = element.scrollHeight;","            };","        });","        // init event-handling","        ['change', 'click', 'keyup'].forEach(function (event) {","            Array.from(document.querySelectorAll('.on' + event)).forEach(function (element) {","                element.addEventListener(event, local.testRunBrowser);","            });","        });","        // run tests","        local.testRunBrowser();","        break;","","","","    // run node js-env code - post-init","    /* istanbul ignore next */","    case 'node':","        // export local","        module.exports = local;","        // require modules","        local.fs = require('fs');","        local.http = require('http');","        local.url = require('url');","        // init assets","        local.assetsDict = local.assetsDict || {};","        /* jslint-ignore-begin */","        local.assetsDict['/assets.index.template.html'] = '\\","<!doctype html>\\n\\","<html lang=\"en\">\\n\\","<head>\\n\\","<meta charset=\"UTF-8\">\\n\\","<meta name=\"viewport\" content=\"width=device-width, initial-scale=1\">\\n\\","<title>{{env.npm_package_name}} (v{{env.npm_package_version}})</title>\\n\\","<style>\\n\\","/*csslint\\n\\","    box-sizing: false,\\n\\","    universal-selector: false\\n\\","*/\\n\\","* {\\n\\","    box-sizing: border-box;\\n\\","}\\n\\","body {\\n\\","    background: #dde;\\n\\","    font-family: Arial, Helvetica, sans-serif;\\n\\","    margin: 2rem;\\n\\","}\\n\\","body > * {\\n\\","    margin-bottom: 1rem;\\n\\","}\\n\\",".utility2FooterDiv {\\n\\","    margin-top: 20px;\\n\\","    text-align: center;\\n\\","}\\n\\","</style>\\n\\","<style>\\n\\","/*csslint\\n\\","*/\\n\\","textarea {\\n\\","    font-family: monospace;\\n\\","    height: 10rem;\\n\\","    width: 100%;\\n\\","}\\n\\","textarea[readonly] {\\n\\","    background: #ddd;\\n\\","}\\n\\","</style>\\n\\","</head>\\n\\","<body>\\n\\","<!-- utility2-comment\\n\\","<div id=\"ajaxProgressDiv1\" style=\"background: #d00; height: 2px; left: 0; margin: 0; padding: 0; position: fixed; top: 0; transition: background 0.5s, width 1.5s; width: 25%;\"></div>\\n\\","utility2-comment -->\\n\\","<h1>\\n\\","<!-- utility2-comment\\n\\","    <a\\n\\","        {{#if env.npm_package_homepage}}\\n\\","        href=\"{{env.npm_package_homepage}}\"\\n\\","        {{/if env.npm_package_homepage}}\\n\\","        target=\"_blank\"\\n\\","    >\\n\\","utility2-comment -->\\n\\","        {{env.npm_package_name}} (v{{env.npm_package_version}})\\n\\","<!-- utility2-comment\\n\\","    </a>\\n\\","utility2-comment -->\\n\\","</h1>\\n\\","<h3>{{env.npm_package_description}}</h3>\\n\\","<!-- utility2-comment\\n\\","<h4><a download href=\"assets.app.js\">download standalone app</a></h4>\\n\\","<button class=\"onclick onreset\" id=\"testRunButton1\">run internal test</button><br>\\n\\","<div id=\"testReportDiv1\" style=\"display: none;\"></div>\\n\\","utility2-comment -->\\n\\","\\n\\","\\n\\","\\n\\","<label>stderr and stdout</label>\\n\\","<textarea class=\"resettable\" id=\"outputTextareaStdout1\" readonly></textarea>\\n\\","<!-- utility2-comment\\n\\","{{#if isRollup}}\\n\\","<script src=\"assets.app.js\"></script>\\n\\","{{#unless isRollup}}\\n\\","utility2-comment -->\\n\\","<script src=\"assets.utility2.rollup.js\"></script>\\n\\","<script src=\"jsonp.utility2._stateInit?callback=window.utility2._stateInit\"></script>\\n\\","<script src=\"assets.npmtest_paypal_rest_sdk.rollup.js\"></script>\\n\\","<script src=\"assets.example.js\"></script>\\n\\","<script src=\"assets.test.js\"></script>\\n\\","<!-- utility2-comment\\n\\","{{/if isRollup}}\\n\\","utility2-comment -->\\n\\","<div class=\"utility2FooterDiv\">\\n\\","    [ this app was created with\\n\\","    <a href=\"https://github.com/kaizhu256/node-utility2\" target=\"_blank\">utility2</a>\\n\\","    ]\\n\\","</div>\\n\\","</body>\\n\\","</html>\\n\\","';","        /* jslint-ignore-end */","        if (local.templateRender) {","            local.assetsDict['/'] = local.templateRender(","                local.assetsDict['/assets.index.template.html'],","                {","                    env: local.objectSetDefault(local.env, {","                        npm_package_description: 'the greatest app in the world!',","                        npm_package_name: 'my-app',","                        npm_package_nameAlias: 'my_app',","                        npm_package_version: '0.0.1'","                    })","                }","            );","        } else {","            local.assetsDict['/'] = local.assetsDict['/assets.index.template.html']","                .replace((/\\{\\{env\\.(\\w+?)\\}\\}/g), function (match0, match1) {","                    // jslint-hack","                    String(match0);","                    switch (match1) {","                    case 'npm_package_description':","                        return 'the greatest app in the world!';","                    case 'npm_package_name':","                        return 'my-app';","                    case 'npm_package_nameAlias':","                        return 'my_app';","                    case 'npm_package_version':","                        return '0.0.1';","                    }","                });","        }","        // run the cli","        if (local.global.utility2_rollup || module !== require.main) {","            break;","        }","        local.assetsDict['/assets.example.js'] =","            local.assetsDict['/assets.example.js'] ||","            local.fs.readFileSync(__filename, 'utf8');","        // bug-workaround - long $npm_package_buildCustomOrg","        /* jslint-ignore-begin */","        local.assetsDict['/assets.npmtest_paypal_rest_sdk.rollup.js'] =","            local.assetsDict['/assets.npmtest_paypal_rest_sdk.rollup.js'] ||","            local.fs.readFileSync(","                local.npmtest_paypal_rest_sdk.__dirname + '/lib.npmtest_paypal_rest_sdk.js',","                'utf8'","            ).replace((/^#!/), '//');","        /* jslint-ignore-end */","        local.assetsDict['/favicon.ico'] = local.assetsDict['/favicon.ico'] || '';","        // if $npm_config_timeout_exit exists,","        // then exit this process after $npm_config_timeout_exit ms","        if (Number(process.env.npm_config_timeout_exit)) {","            setTimeout(process.exit, Number(process.env.npm_config_timeout_exit));","        }","        // start server","        if (local.global.utility2_serverHttp1) {","            break;","        }","        process.env.PORT = process.env.PORT || '8081';","        console.error('server starting on port ' + process.env.PORT);","        local.http.createServer(function (request, response) {","            request.urlParsed = local.url.parse(request.url);","            if (local.assetsDict[request.urlParsed.pathname] !== undefined) {","                response.end(local.assetsDict[request.urlParsed.pathname]);","                return;","            }","            response.statusCode = 404;","            response.end();","        }).listen(process.env.PORT);","        break;","    }","}());",""],"l":{"26":2,"28":2,"33":2,"35":2,"37":2,"38":2,"39":2,"44":1,"51":2,"55":2,"59":2,"61":2,"69":1,"70":2,"76":2,"79":2,"82":2,"83":2,"85":1,"89":2,"92":1,"93":1,"94":1,"96":1,"97":1,"100":1,"101":1,"103":1,"106":1,"108":2,"114":1,"116":1,"118":1,"123":1,"124":2,"125":2,"126":3,"127":3,"128":3,"129":3,"130":1,"133":3,"134":3,"139":3,"143":1,"144":3,"145":1,"149":1,"150":1,"158":1,"160":1,"161":1,"162":1,"164":1,"166":1,"258":1,"259":1,"271":1,"274":6,"275":6,"277":1,"279":2,"281":1,"283":2,"288":1,"289":1,"291":1,"296":1,"303":1,"306":1,"307":1,"310":1,"311":1,"313":1,"314":1,"315":1,"316":1,"317":1,"318":1,"319":1,"321":1,"322":1,"324":1}},"/home/travis/build/npmtest/node-npmtest-paypal-rest-sdk/node_modules/paypal-rest-sdk/index.js":{"path":"/home/travis/build/npmtest/node-npmtest-paypal-rest-sdk/node_modules/paypal-rest-sdk/index.js","s":{"1":1},"b":{},"f":{},"fnMap":{},"statementMap":{"1":{"start":{"line":1,"column":0},"end":{"line":1,"column":55}}},"branchMap":{},"code":["module.exports = require('./lib/paypal-rest-sdk.js')();",""],"l":{"1":1}},"/home/travis/build/npmtest/node-npmtest-paypal-rest-sdk/node_modules/paypal-rest-sdk/lib/paypal-rest-sdk.js":{"path":"/home/travis/build/npmtest/node-npmtest-paypal-rest-sdk/node_modules/paypal-rest-sdk/lib/paypal-rest-sdk.js","s":{"1":1,"2":1,"3":1,"4":1,"5":0,"6":1,"7":0,"8":1},"b":{},"f":{"1":1,"2":0,"3":0},"fnMap":{"1":{"name":"(anonymous_1)","line":7,"loc":{"start":{"line":7,"column":17},"end":{"line":7,"column":29}}},"2":{"name":"configure","line":9,"loc":{"start":{"line":9,"column":4},"end":{"line":9,"column":32}}},"3":{"name":"generateToken","line":13,"loc":{"start":{"line":13,"column":4},"end":{"line":13,"column":39}}}},"statementMap":{"1":{"start":{"line":4,"column":0},"end":{"line":4,"column":43}},"2":{"start":{"line":5,"column":0},"end":{"line":5,"column":27}},"3":{"start":{"line":7,"column":0},"end":{"line":45,"column":2}},"4":{"start":{"line":9,"column":4},"end":{"line":11,"column":5}},"5":{"start":{"line":10,"column":8},"end":{"line":10,"column":31}},"6":{"start":{"line":13,"column":4},"end":{"line":15,"column":5}},"7":{"start":{"line":14,"column":8},"end":{"line":14,"column":38}},"8":{"start":{"line":17,"column":4},"end":{"line":44,"column":6}}},"branchMap":{},"code":["/* Copyright 2015-2016 PayPal, Inc. */","\"use strict\";","","var configuration = require('./configure');","var api = require('./api');","","module.exports = function () {","","    function configure(options) {","        api.configure(options);","    }","","    function generateToken(config, cb) {","        api.generateToken(config, cb);","    }","","    return {","        version: configuration.sdkVersion,","        configure: configure,","        configuration: configuration.default_options,","        generateToken: generateToken,","        payment: require('./resources/Payment')(),","        sale: require('./resources/Sale')(),","        refund: require('./resources/Refund')(),","        authorization: require('./resources/Authorization')(),","        capture: require('./resources/Capture')(),","        order: require('./resources/Order')(),","        payout: require('./resources/Payout')(),","        payoutItem: require('./resources/PayoutItem')(),","        billingPlan: require('./resources/BillingPlan')(),","        billingAgreement: require('./resources/BillingAgreement')(),","        creditCard: require('./resources/CreditCard')(),","        invoice: require('./resources/Invoice')(),","        invoiceTemplate: require('./resources/InvoiceTemplate')(),","        openIdConnect: require('./resources/OpenIdConnect')(),","        webProfile: require('./resources/WebProfile')(),","        notification: require('./resources/Notification')(),","        //entries below are deprecated but provided for compatibility with 0.* versions","        generate_token: generateToken,","        billing_plan: require('./resources/BillingPlan')(),","        billing_agreement: require('./resources/BillingAgreement')(),","        credit_card: require('./resources/CreditCard')(),","        openid_connect: require('./resources/OpenIdConnect')()","    };","};",""],"l":{"4":1,"5":1,"7":1,"9":1,"10":0,"13":1,"14":0,"17":1}},"/home/travis/build/npmtest/node-npmtest-paypal-rest-sdk/node_modules/paypal-rest-sdk/lib/configure.js":{"path":"/home/travis/build/npmtest/node-npmtest-paypal-rest-sdk/node_modules/paypal-rest-sdk/lib/configure.js","s":{"1":1,"2":1,"3":1},"b":{},"f":{},"fnMap":{},"statementMap":{"1":{"start":{"line":4,"column":0},"end":{"line":4,"column":68}},"2":{"start":{"line":5,"column":0},"end":{"line":5,"column":203}},"3":{"start":{"line":7,"column":0},"end":{"line":18,"column":2}}},"branchMap":{},"code":["/* Copyright 2015-2016 PayPal, Inc. */","\"use strict\";","","var sdkVersion = exports.sdkVersion = require('../package').version;","var userAgent = exports.userAgent = 'PayPalSDK/PayPal-node-SDK ' + sdkVersion + ' (node ' + process.version + '-' + process.arch + '-' + process.platform  + '; OpenSSL ' + process.versions.openssl + ')';","","var default_options = exports.default_options = {","    'mode': 'sandbox',","    'schema': 'https',","    'host': 'api.sandbox.paypal.com',","    'port': '',","    'openid_connect_schema': 'https',","    'openid_connect_host': 'api.sandbox.paypal.com',","    'openid_connect_port': '',","    'authorize_url': 'https://www.sandbox.paypal.com/signin/authorize',","    'logout_url': 'https://www.sandbox.paypal.com/webapps/auth/protocol/openidconnect/v1/endsession',","    'headers': {}","};",""],"l":{"4":1,"5":1,"7":1}},"/home/travis/build/npmtest/node-npmtest-paypal-rest-sdk/node_modules/paypal-rest-sdk/lib/api.js":{"path":"/home/travis/build/npmtest/node-npmtest-paypal-rest-sdk/node_modules/paypal-rest-sdk/lib/api.js","s":{"1":1,"2":1,"3":1,"4":1,"5":1,"6":0,"7":0,"8":1,"9":0,"10":0,"11":0,"12":0,"13":0,"14":0,"15":0,"16":0,"17":0,"18":0,"19":0,"20":0,"21":0,"22":0,"23":0,"24":0,"25":0,"26":0,"27":0,"28":0,"29":0,"30":0,"31":0,"32":0,"33":1,"34":0,"35":0,"36":0,"37":0,"38":0,"39":1,"40":0,"41":0,"42":0,"43":0,"44":0,"45":0,"46":0,"47":1,"48":0,"49":0,"50":0,"51":0,"52":0,"53":0,"54":0,"55":0,"56":0,"57":0,"58":0,"59":0,"60":0},"b":{"1":[0,0],"2":[0,0],"3":[0,0],"4":[0,0],"5":[0,0],"6":[0,0],"7":[0,0],"8":[0,0,0],"9":[0,0],"10":[0,0],"11":[0,0],"12":[0,0],"13":[0,0],"14":[0,0],"15":[0,0],"16":[0,0],"17":[0,0],"18":[0,0],"19":[0,0],"20":[0,0],"21":[0,0,0],"22":[0,0],"23":[0,0,0,0]},"f":{"1":0,"2":0,"3":0,"4":0,"5":0,"6":0,"7":0,"8":0},"fnMap":{"1":{"name":"configure","line":20,"loc":{"start":{"line":20,"column":36},"end":{"line":20,"column":64}}},"2":{"name":"generateToken","line":36,"loc":{"start":{"line":36,"column":44},"end":{"line":36,"column":79}}},"3":{"name":"(anonymous_3)","line":67,"loc":{"start":{"line":67,"column":69},"end":{"line":67,"column":89}}},"4":{"name":"updateToken","line":95,"loc":{"start":{"line":95,"column":0},"end":{"line":95,"column":61}}},"5":{"name":"(anonymous_5)","line":96,"loc":{"start":{"line":96,"column":32},"end":{"line":96,"column":56}}},"6":{"name":"executeHttp","line":115,"loc":{"start":{"line":115,"column":40},"end":{"line":115,"column":104}}},"7":{"name":"retryInvoke","line":129,"loc":{"start":{"line":129,"column":4},"end":{"line":129,"column":27}}},"8":{"name":"(anonymous_8)","line":144,"loc":{"start":{"line":144,"column":61},"end":{"line":144,"column":88}}}},"statementMap":{"1":{"start":{"line":4,"column":0},"end":{"line":4,"column":33}},"2":{"start":{"line":5,"column":0},"end":{"line":5,"column":31}},"3":{"start":{"line":6,"column":0},"end":{"line":6,"column":43}},"4":{"start":{"line":12,"column":0},"end":{"line":12,"column":23}},"5":{"start":{"line":20,"column":0},"end":{"line":24,"column":2}},"6":{"start":{"line":21,"column":4},"end":{"line":23,"column":5}},"7":{"start":{"line":22,"column":8},"end":{"line":22,"column":92}},"8":{"start":{"line":36,"column":0},"end":{"line":85,"column":2}},"9":{"start":{"line":38,"column":4},"end":{"line":45,"column":5}},"10":{"start":{"line":39,"column":8},"end":{"line":39,"column":20}},"11":{"start":{"line":40,"column":8},"end":{"line":40,"column":47}},"12":{"start":{"line":41,"column":11},"end":{"line":45,"column":5}},"13":{"start":{"line":42,"column":8},"end":{"line":42,"column":47}},"14":{"start":{"line":44,"column":8},"end":{"line":44,"column":74}},"15":{"start":{"line":47,"column":4},"end":{"line":47,"column":50}},"16":{"start":{"line":48,"column":4},"end":{"line":52,"column":5}},"17":{"start":{"line":49,"column":8},"end":{"line":49,"column":143}},"18":{"start":{"line":50,"column":11},"end":{"line":52,"column":5}},"19":{"start":{"line":51,"column":8},"end":{"line":51,"column":83}},"20":{"start":{"line":54,"column":4},"end":{"line":54,"column":114}},"21":{"start":{"line":56,"column":4},"end":{"line":65,"column":6}},"22":{"start":{"line":67,"column":4},"end":{"line":84,"column":7}},"23":{"start":{"line":68,"column":8},"end":{"line":68,"column":25}},"24":{"start":{"line":69,"column":8},"end":{"line":82,"column":9}},"25":{"start":{"line":70,"column":12},"end":{"line":74,"column":13}},"26":{"start":{"line":71,"column":16},"end":{"line":71,"column":58}},"27":{"start":{"line":72,"column":16},"end":{"line":72,"column":54}},"28":{"start":{"line":73,"column":16},"end":{"line":73,"column":69}},"29":{"start":{"line":76,"column":12},"end":{"line":81,"column":13}},"30":{"start":{"line":77,"column":16},"end":{"line":77,"column":64}},"31":{"start":{"line":80,"column":16},"end":{"line":80,"column":42}},"32":{"start":{"line":83,"column":8},"end":{"line":83,"column":23}},"33":{"start":{"line":95,"column":0},"end":{"line":104,"column":1}},"34":{"start":{"line":96,"column":4},"end":{"line":103,"column":7}},"35":{"start":{"line":97,"column":8},"end":{"line":102,"column":9}},"36":{"start":{"line":98,"column":12},"end":{"line":98,"column":41}},"37":{"start":{"line":100,"column":12},"end":{"line":100,"column":55}},"38":{"start":{"line":101,"column":12},"end":{"line":101,"column":23}},"39":{"start":{"line":115,"column":0},"end":{"line":157,"column":2}},"40":{"start":{"line":116,"column":4},"end":{"line":119,"column":5}},"41":{"start":{"line":117,"column":8},"end":{"line":117,"column":26}},"42":{"start":{"line":118,"column":8},"end":{"line":118,"column":28}},"43":{"start":{"line":120,"column":4},"end":{"line":124,"column":5}},"44":{"start":{"line":121,"column":8},"end":{"line":121,"column":53}},"45":{"start":{"line":123,"column":8},"end":{"line":123,"column":86}},"46":{"start":{"line":127,"column":4},"end":{"line":127,"column":92}},"47":{"start":{"line":129,"column":4},"end":{"line":131,"column":5}},"48":{"start":{"line":130,"column":8},"end":{"line":130,"column":65}},"49":{"start":{"line":134,"column":4},"end":{"line":139,"column":5}},"50":{"start":{"line":135,"column":8},"end":{"line":135,"column":92}},"51":{"start":{"line":137,"column":9},"end":{"line":139,"column":5}},"52":{"start":{"line":138,"column":8},"end":{"line":138,"column":88}},"53":{"start":{"line":142,"column":4},"end":{"line":156,"column":5}},"54":{"start":{"line":143,"column":8},"end":{"line":143,"column":108}},"55":{"start":{"line":144,"column":8},"end":{"line":153,"column":11}},"56":{"start":{"line":147,"column":12},"end":{"line":152,"column":13}},"57":{"start":{"line":148,"column":16},"end":{"line":148,"column":58}},"58":{"start":{"line":149,"column":16},"end":{"line":149,"column":59}},"59":{"start":{"line":151,"column":16},"end":{"line":151,"column":36}},"60":{"start":{"line":155,"column":8},"end":{"line":155,"column":51}}},"branchMap":{"1":{"line":21,"type":"if","locations":[{"start":{"line":21,"column":4},"end":{"line":21,"column":4}},{"start":{"line":21,"column":4},"end":{"line":21,"column":4}}]},"2":{"line":21,"type":"binary-expr","locations":[{"start":{"line":21,"column":8},"end":{"line":21,"column":29}},{"start":{"line":21,"column":33},"end":{"line":21,"column":60}}]},"3":{"line":38,"type":"if","locations":[{"start":{"line":38,"column":4},"end":{"line":38,"column":4}},{"start":{"line":38,"column":4},"end":{"line":38,"column":4}}]},"4":{"line":41,"type":"if","locations":[{"start":{"line":41,"column":11},"end":{"line":41,"column":11}},{"start":{"line":41,"column":11},"end":{"line":41,"column":11}}]},"5":{"line":48,"type":"if","locations":[{"start":{"line":48,"column":4},"end":{"line":48,"column":4}},{"start":{"line":48,"column":4},"end":{"line":48,"column":4}}]},"6":{"line":50,"type":"if","locations":[{"start":{"line":50,"column":11},"end":{"line":50,"column":11}},{"start":{"line":50,"column":11},"end":{"line":50,"column":11}}]},"7":{"line":57,"type":"binary-expr","locations":[{"start":{"line":57,"column":16},"end":{"line":57,"column":29}},{"start":{"line":57,"column":33},"end":{"line":57,"column":69}}]},"8":{"line":58,"type":"binary-expr","locations":[{"start":{"line":58,"column":14},"end":{"line":58,"column":54}},{"start":{"line":58,"column":58},"end":{"line":58,"column":69}},{"start":{"line":58,"column":73},"end":{"line":58,"column":107}}]},"9":{"line":59,"type":"binary-expr","locations":[{"start":{"line":59,"column":14},"end":{"line":59,"column":25}},{"start":{"line":59,"column":29},"end":{"line":59,"column":63}}]},"10":{"line":69,"type":"if","locations":[{"start":{"line":69,"column":8},"end":{"line":69,"column":8}},{"start":{"line":69,"column":8},"end":{"line":69,"column":8}}]},"11":{"line":70,"type":"if","locations":[{"start":{"line":70,"column":12},"end":{"line":70,"column":12}},{"start":{"line":70,"column":12},"end":{"line":70,"column":12}}]},"12":{"line":70,"type":"binary-expr","locations":[{"start":{"line":70,"column":16},"end":{"line":70,"column":42}},{"start":{"line":70,"column":46},"end":{"line":70,"column":67}}]},"13":{"line":76,"type":"if","locations":[{"start":{"line":76,"column":12},"end":{"line":76,"column":12}},{"start":{"line":76,"column":12},"end":{"line":76,"column":12}}]},"14":{"line":97,"type":"if","locations":[{"start":{"line":97,"column":8},"end":{"line":97,"column":8}},{"start":{"line":97,"column":8},"end":{"line":97,"column":8}}]},"15":{"line":116,"type":"if","locations":[{"start":{"line":116,"column":4},"end":{"line":116,"column":4}},{"start":{"line":116,"column":4},"end":{"line":116,"column":4}}]},"16":{"line":120,"type":"if","locations":[{"start":{"line":120,"column":4},"end":{"line":120,"column":4}},{"start":{"line":120,"column":4},"end":{"line":120,"column":4}}]},"17":{"line":127,"type":"binary-expr","locations":[{"start":{"line":127,"column":24},"end":{"line":127,"column":70}},{"start":{"line":127,"column":74},"end":{"line":127,"column":91}}]},"18":{"line":134,"type":"if","locations":[{"start":{"line":134,"column":4},"end":{"line":134,"column":4}},{"start":{"line":134,"column":4},"end":{"line":134,"column":4}}]},"19":{"line":137,"type":"if","locations":[{"start":{"line":137,"column":9},"end":{"line":137,"column":9}},{"start":{"line":137,"column":9},"end":{"line":137,"column":9}}]},"20":{"line":142,"type":"if","locations":[{"start":{"line":142,"column":4},"end":{"line":142,"column":4}},{"start":{"line":142,"column":4},"end":{"line":142,"column":4}}]},"21":{"line":142,"type":"binary-expr","locations":[{"start":{"line":142,"column":8},"end":{"line":142,"column":47}},{"start":{"line":142,"column":51},"end":{"line":142,"column":114}},{"start":{"line":142,"column":118},"end":{"line":142,"column":145}}]},"22":{"line":147,"type":"if","locations":[{"start":{"line":147,"column":12},"end":{"line":147,"column":12}},{"start":{"line":147,"column":12},"end":{"line":147,"column":12}}]},"23":{"line":147,"type":"binary-expr","locations":[{"start":{"line":147,"column":16},"end":{"line":147,"column":21}},{"start":{"line":147,"column":25},"end":{"line":147,"column":53}},{"start":{"line":147,"column":57},"end":{"line":147,"column":79}},{"start":{"line":147,"column":83},"end":{"line":147,"column":117}}]}},"code":["/* Copyright 2015-2016 PayPal, Inc. */","\"use strict\";","","var client = require('./client');","var utils = require('./utils');","var configuration = require('./configure');","","/**"," * token_persist client id to access token cache, used to reduce access token round trips"," * @type {Object}"," */","var token_persist = {};","","/**"," * Set up configuration globally such as client_id and client_secret,"," * by merging user provided configurations otherwise use default settings"," * @param  {Object} options Configuration parameters passed as object"," * @return {undefined}        "," */","var configure = exports.configure = function configure(options) {","    if (options !== undefined && typeof options === 'object') {","        configuration.default_options = utils.merge(configuration.default_options, options);","    }","};","","/**"," * Generate new access token by making a POST request to /oauth2/token by"," * exchanging base64 encoded client id/secret pair or valid refresh token."," *"," * Otherwise authorization code from a mobile device can be exchanged for a long"," * living refresh token used to charge user who has consented to future payments."," * @param  {Object|Function}   config Configuration parameters such as authorization code or refresh token"," * @param  {Function} cb     Callback function"," * @return {String}          Access token or Refresh token"," */","var generateToken = exports.generateToken = function generateToken(config, cb) {","","    if (typeof config === \"function\") {","        cb = config;","        config = configuration.default_options;","    } else if (!config) {","        config = configuration.default_options;","    } else {","        config = utils.merge(config, configuration.default_options, true);","    }","","    var payload = 'grant_type=client_credentials';","    if (config.authorization_code) {","        payload = 'grant_type=authorization_code&response_type=token&redirect_uri=urn:ietf:wg:oauth:2.0:oob&code=' + config.authorization_code;","    } else if (config.refresh_token) {","        payload = 'grant_type=refresh_token&refresh_token=' + config.refresh_token;","    }","","    var basicAuthString = 'Basic ' + new Buffer(config.client_id + ':' + config.client_secret).toString('base64');","","    var http_options = {","        schema: config.schema || configuration.default_options.schema,","        host: utils.getDefaultApiEndpoint(config.mode) || config.host || configuration.default_options.host,","        port: config.port || configuration.default_options.port,","        headers: utils.merge({","            'Authorization': basicAuthString,","            'Accept': 'application/json',","            'Content-Type': 'application/x-www-form-urlencoded'","        }, configuration.default_options.headers, true)","    };","","    client.invoke('POST', '/v1/oauth2/token', payload, http_options, function (err, res) {","        var token = null;","        if (res) {","            if (!config.authorization_code && !config.refresh_token) {","                var seconds = new Date().getTime() / 1000;","                token_persist[config.client_id] = res;","                token_persist[config.client_id].created_at = seconds;","            }","","            if (!config.authorization_code) {","                token = res.token_type + ' ' + res.access_token;","            }","            else {","                token = res.refresh_token;","            }","        }","        cb(err, token);","    });","};","","/* Update authorization header with new token obtained by calling","generateToken */","/**"," * Updates http Authorization header to newly created access token"," * @param  {Object}   http_options   Configuration parameters such as authorization code or refresh token"," * @param  {Function}   error_callback "," * @param  {Function} callback       "," */","function updateToken(http_options, error_callback, callback) {","    generateToken(http_options, function (error, token) {","        if (error) {","            error_callback(error, token);","        } else {","            http_options.headers.Authorization = token;","            callback();","        }","    });","}","","/**"," * Makes a PayPal REST API call. Reuses valid access tokens to reduce"," * round trips, handles 401 error and token expiration."," * @param  {String}   http_method           A HTTP Verb e.g. GET or POST"," * @param  {String}   path                  Url endpoint for API request"," * @param  {Data}   data                    Payload associated with API request"," * @param  {Object|Function}   http_options Configurations for settings and Auth"," * @param  {Function} cb                    Callback function"," */","var executeHttp = exports.executeHttp = function executeHttp(http_method, path, data, http_options, cb) {","    if (typeof http_options === \"function\") {","        cb = http_options;","        http_options = null;","    }","    if (!http_options) {","        http_options = configuration.default_options;","    } else {","        http_options = utils.merge(http_options, configuration.default_options, true);","    }","","    //Get host endpoint using mode","    http_options.host = utils.getDefaultApiEndpoint(http_options.mode) || http_options.host;","","    function retryInvoke() {","        client.invoke(http_method, path, data, http_options, cb);","    }","","    // correlation-id is deprecated in favor of client-metadata-id","    if (http_options.client_metadata_id) {","        http_options.headers['Paypal-Client-Metadata-Id'] = http_options.client_metadata_id;","    }","    else if (http_options.correlation_id) {","        http_options.headers['Paypal-Client-Metadata-Id'] = http_options.correlation_id;","    }","","    // If client_id exists with an unexpired token and a refresh token is not provided, reuse cached token    ","    if (http_options.client_id in token_persist && !utils.checkExpiredToken(token_persist[http_options.client_id]) && !http_options.refresh_token) {","        http_options.headers.Authorization = \"Bearer \" + token_persist[http_options.client_id].access_token;","        client.invoke(http_method, path, data, http_options, function (error, response) {","            // Don't reprompt already authenticated user for login by updating Authorization header","            // if token expires","            if (error && error.httpStatusCode === 401 && http_options.client_id && http_options.headers.Authorization) {","                http_options.headers.Authorization = null;","                updateToken(http_options, cb, retryInvoke);","            } else {","                cb(error, response);","            }","        });","    } else {","        updateToken(http_options, cb, retryInvoke);","    }","};",""],"l":{"4":1,"5":1,"6":1,"12":1,"20":1,"21":0,"22":0,"36":1,"38":0,"39":0,"40":0,"41":0,"42":0,"44":0,"47":0,"48":0,"49":0,"50":0,"51":0,"54":0,"56":0,"67":0,"68":0,"69":0,"70":0,"71":0,"72":0,"73":0,"76":0,"77":0,"80":0,"83":0,"95":1,"96":0,"97":0,"98":0,"100":0,"101":0,"115":1,"116":0,"117":0,"118":0,"120":0,"121":0,"123":0,"127":0,"129":1,"130":0,"134":0,"135":0,"137":0,"138":0,"142":0,"143":0,"144":0,"147":0,"148":0,"149":0,"151":0,"155":0}},"/home/travis/build/npmtest/node-npmtest-paypal-rest-sdk/node_modules/paypal-rest-sdk/lib/client.js":{"path":"/home/travis/build/npmtest/node-npmtest-paypal-rest-sdk/node_modules/paypal-rest-sdk/lib/client.js","s":{"1":1,"2":1,"3":1,"4":1,"5":1,"6":1,"7":1,"8":0,"9":0,"10":0,"11":0,"12":0,"13":0,"14":0,"15":0,"16":0,"17":0,"18":0,"19":0,"20":0,"21":0,"22":0,"23":0,"24":0,"25":0,"26":0,"27":0,"28":0,"29":0,"30":0,"31":0,"32":0,"33":0,"34":0,"35":0,"36":0,"37":0,"38":0,"39":0,"40":0,"41":0,"42":0,"43":0,"44":0,"45":0,"46":0,"47":0,"48":0,"49":0,"50":0,"51":0,"52":0,"53":0,"54":0,"55":0,"56":0,"57":0,"58":0,"59":0,"60":0,"61":0,"62":0,"63":0,"64":0,"65":0,"66":0,"67":0,"68":0,"69":0,"70":0,"71":0,"72":0,"73":0,"74":0,"75":0,"76":0,"77":0,"78":0},"b":{"1":[0,0],"2":[0,0],"3":[0,0],"4":[0,0],"5":[0,0],"6":[0,0],"7":[0,0],"8":[0,0],"9":[0,0],"10":[0,0],"11":[0,0],"12":[0,0],"13":[0,0],"14":[0,0],"15":[0,0],"16":[0,0,0],"17":[0,0],"18":[0,0],"19":[0,0],"20":[0,0],"21":[0,0],"22":[0,0],"23":[0,0],"24":[0,0],"25":[0,0,0],"26":[0,0],"27":[0,0]},"f":{"1":0,"2":0,"3":0,"4":0,"5":0},"fnMap":{"1":{"name":"invoke","line":19,"loc":{"start":{"line":19,"column":30},"end":{"line":19,"column":95}}},"2":{"name":"(anonymous_2)","line":80,"loc":{"start":{"line":80,"column":20},"end":{"line":80,"column":33}}},"3":{"name":"(anonymous_3)","line":85,"loc":{"start":{"line":85,"column":23},"end":{"line":85,"column":38}}},"4":{"name":"(anonymous_4)","line":92,"loc":{"start":{"line":92,"column":23},"end":{"line":92,"column":40}}},"5":{"name":"(anonymous_5)","line":96,"loc":{"start":{"line":96,"column":22},"end":{"line":96,"column":34}}}},"statementMap":{"1":{"start":{"line":4,"column":0},"end":{"line":4,"column":27}},"2":{"start":{"line":5,"column":0},"end":{"line":5,"column":29}},"3":{"start":{"line":6,"column":0},"end":{"line":6,"column":41}},"4":{"start":{"line":7,"column":0},"end":{"line":7,"column":27}},"5":{"start":{"line":8,"column":0},"end":{"line":8,"column":43}},"6":{"start":{"line":9,"column":0},"end":{"line":9,"column":31}},"7":{"start":{"line":19,"column":0},"end":{"line":154,"column":2}},"8":{"start":{"line":20,"column":4},"end":{"line":20,"column":71}},"9":{"start":{"line":22,"column":4},"end":{"line":22,"column":28}},"10":{"start":{"line":24,"column":4},"end":{"line":35,"column":5}},"11":{"start":{"line":26,"column":8},"end":{"line":28,"column":9}},"12":{"start":{"line":27,"column":12},"end":{"line":27,"column":63}},"13":{"start":{"line":29,"column":8},"end":{"line":32,"column":9}},"14":{"start":{"line":30,"column":12},"end":{"line":30,"column":45}},"15":{"start":{"line":31,"column":12},"end":{"line":31,"column":30}},"16":{"start":{"line":33,"column":11},"end":{"line":35,"column":5}},"17":{"start":{"line":34,"column":8},"end":{"line":34,"column":52}},"18":{"start":{"line":37,"column":4},"end":{"line":37,"column":26}},"19":{"start":{"line":39,"column":4},"end":{"line":66,"column":5}},"20":{"start":{"line":41,"column":8},"end":{"line":41,"column":70}},"21":{"start":{"line":43,"column":8},"end":{"line":45,"column":9}},"22":{"start":{"line":44,"column":12},"end":{"line":44,"column":38}},"23":{"start":{"line":46,"column":8},"end":{"line":46,"column":33}},"24":{"start":{"line":47,"column":8},"end":{"line":47,"column":42}},"25":{"start":{"line":48,"column":8},"end":{"line":50,"column":9}},"26":{"start":{"line":49,"column":12},"end":{"line":49,"column":94}},"27":{"start":{"line":52,"column":8},"end":{"line":54,"column":9}},"28":{"start":{"line":53,"column":12},"end":{"line":53,"column":61}},"29":{"start":{"line":56,"column":8},"end":{"line":58,"column":9}},"30":{"start":{"line":57,"column":12},"end":{"line":57,"column":70}},"31":{"start":{"line":60,"column":8},"end":{"line":62,"column":9}},"32":{"start":{"line":61,"column":12},"end":{"line":61,"column":66}},"33":{"start":{"line":64,"column":8},"end":{"line":64,"column":69}},"34":{"start":{"line":65,"column":8},"end":{"line":65,"column":45}},"35":{"start":{"line":69,"column":4},"end":{"line":72,"column":5}},"36":{"start":{"line":70,"column":8},"end":{"line":70,"column":58}},"37":{"start":{"line":71,"column":8},"end":{"line":71,"column":34}},"38":{"start":{"line":75,"column":4},"end":{"line":77,"column":5}},"39":{"start":{"line":76,"column":8},"end":{"line":76,"column":213}},"40":{"start":{"line":79,"column":4},"end":{"line":79,"column":43}},"41":{"start":{"line":80,"column":4},"end":{"line":83,"column":7}},"42":{"start":{"line":81,"column":8},"end":{"line":81,"column":58}},"43":{"start":{"line":82,"column":8},"end":{"line":82,"column":20}},"44":{"start":{"line":85,"column":4},"end":{"line":148,"column":7}},"45":{"start":{"line":86,"column":8},"end":{"line":86,"column":26}},"46":{"start":{"line":88,"column":8},"end":{"line":90,"column":9}},"47":{"start":{"line":89,"column":12},"end":{"line":89,"column":36}},"48":{"start":{"line":92,"column":8},"end":{"line":94,"column":11}},"49":{"start":{"line":93,"column":12},"end":{"line":93,"column":30}},"50":{"start":{"line":96,"column":8},"end":{"line":147,"column":11}},"51":{"start":{"line":97,"column":12},"end":{"line":97,"column":27}},"52":{"start":{"line":99,"column":12},"end":{"line":133,"column":13}},"53":{"start":{"line":102,"column":16},"end":{"line":109,"column":17}},"54":{"start":{"line":103,"column":20},"end":{"line":103,"column":86}},"55":{"start":{"line":105,"column":20},"end":{"line":108,"column":21}},"56":{"start":{"line":106,"column":24},"end":{"line":106,"column":65}},"57":{"start":{"line":107,"column":24},"end":{"line":107,"column":46}},"58":{"start":{"line":114,"column":16},"end":{"line":117,"column":17}},"59":{"start":{"line":116,"column":20},"end":{"line":116,"column":52}},"60":{"start":{"line":119,"column":16},"end":{"line":121,"column":17}},"61":{"start":{"line":120,"column":20},"end":{"line":120,"column":34}},"62":{"start":{"line":122,"column":16},"end":{"line":122,"column":57}},"63":{"start":{"line":124,"column":16},"end":{"line":126,"column":91}},"64":{"start":{"line":127,"column":16},"end":{"line":129,"column":18}},"65":{"start":{"line":130,"column":16},"end":{"line":130,"column":40}},"66":{"start":{"line":131,"column":16},"end":{"line":131,"column":52}},"67":{"start":{"line":132,"column":16},"end":{"line":132,"column":32}},"68":{"start":{"line":135,"column":12},"end":{"line":145,"column":13}},"69":{"start":{"line":136,"column":16},"end":{"line":136,"column":71}},"70":{"start":{"line":139,"column":16},"end":{"line":139,"column":40}},"71":{"start":{"line":140,"column":16},"end":{"line":142,"column":17}},"72":{"start":{"line":141,"column":20},"end":{"line":141,"column":72}},"73":{"start":{"line":143,"column":16},"end":{"line":143,"column":52}},"74":{"start":{"line":144,"column":16},"end":{"line":144,"column":32}},"75":{"start":{"line":146,"column":12},"end":{"line":146,"column":30}},"76":{"start":{"line":150,"column":4},"end":{"line":152,"column":5}},"77":{"start":{"line":151,"column":8},"end":{"line":151,"column":32}},"78":{"start":{"line":153,"column":4},"end":{"line":153,"column":14}}},"branchMap":{"1":{"line":20,"type":"cond-expr","locations":[{"start":{"line":20,"column":58},"end":{"line":20,"column":62}},{"start":{"line":20,"column":65},"end":{"line":20,"column":70}}]},"2":{"line":24,"type":"if","locations":[{"start":{"line":24,"column":4},"end":{"line":24,"column":4}},{"start":{"line":24,"column":4},"end":{"line":24,"column":4}}]},"3":{"line":26,"type":"if","locations":[{"start":{"line":26,"column":8},"end":{"line":2
[...]
 * Update an experience profile","         * @param  {String}   id     Web Profile Id","         * @param  {Object}   data   Object with name, flow_config, input_fields and presentation","         * @param  {Object|Function}   config     Configuration parameters e.g. client_id, client_secret override or callback","         * @param  {Function} cb     ","         * @return {}          Returns the HTTP status of 204 if the call is successful","         */","        update: function update(id, data, config, cb) {","            api.executeHttp('PUT', this.baseURL + id, data, config, cb);","        },","        /**","         * Partially update a web experience profile","         * @param  {String}   id     Web Profile Id","         * @param  {Array}   data   Array of patch request objects (operation, path, value, from)","         * @param  {Object|Function}   config     Configuration parameters e.g. client_id, client_secret override or callback","         * @param  {Function} cb ","         * @return {}          Returns the HTTP status of 204 if the call is successful","         */","        replace: function replace(id, data, config, cb) {","            api.executeHttp('PATCH', this.baseURL + id, data, config, cb);","        },","    };","    ret = generate.mixin(ret, operations);","    return ret;","}","","module.exports = webProfile;",""],"l":{"4":1,"5":1,"14":1,"15":1,"16":1,"18":1,"29":0,"40":0,"43":1,"44":1,"47":1}},"/home/travis/build/npmtest/node-npmtest-paypal-rest-sdk/node_modules/paypal-rest-sdk/lib/resources/Notification.js":{"path":"/home/travis/build/npmtest/node-npmtest-paypal-rest-sdk/node_modules/paypal-rest-sdk/lib/resources/Notification.js","s":{"1":1,"2":1,"3":1,"4":1,"5":1,"6":1,"7":1,"8":1,"9":1,"10":0,"11":0,"12":1,"13":1,"14":1,"15":1,"16":1,"17":1,"18":0,"19":0,"20":0,"21":0,"22":0,"23":0,"24":0,"25":0,"26":0,"27":0,"28":1,"29":0,"30":0,"31":0,"32":0,"33":0,"34":0,"35":0,"36":0,"37":0,"38":1,"39":0,"40":0,"41":0,"42":1,"43":0,"44":0,"45":0,"46":0,"47":0,"48":0,"49":1,"50":0,"51":1,"52":1,"53":1,"54":1,"55":1,"56":1,"57":1,"58":1,"59":1,"60":1,"61":1},"b":{"1":[0,0],"2":[0,0],"3":[0,0],"4":[0,0],"5":[0,0],"6":[0,0],"7":[0,0]},"f":{"1":1,"2":0,"3":0,"4":1,"5":0,"6":0,"7":0,"8":0,"9":0,"10":0,"11":0,"12":1,"13":1},"fnMap":{"1":{"name":"webhook","line":14,"loc":{"start":{"line":14,"column":0},"end":{"line":14,"column":19}}},"2":{"name":"replace","line":20,"loc":{"start":{"line":20,"column":17},"end":{"line":20,"column":56}}},"3":{"name":"eventTypes","line":23,"loc":{"start":{"line":23,"column":20},"end":{"line":23,"column":56}}},"4":{"name":"webhookEvent","line":37,"loc":{"start":{"line":37,"column":0},"end":{"line":37,"column":24}}},"5":{"name":"getAndVerify","line":79,"loc":{"start":{"line":79,"column":4},"end":{"line":79,"column":36}}},"6":{"name":"(anonymous_6)","line":84,"loc":{"start":{"line":84,"column":65},"end":{"line":84,"column":87}}},"7":{"name":"verify","line":103,"loc":{"start":{"line":103,"column":4},"end":{"line":103,"column":56}}},"8":{"name":"(anonymous_8)","line":115,"loc":{"start":{"line":115,"column":37},"end":{"line":115,"column":55}}},"9":{"name":"verifyLegacy","line":134,"loc":{"start":{"line":134,"column":4},"end":{"line":134,"column":107}}},"10":{"name":"legacyCallback","line":150,"loc":{"start":{"line":150,"column":8},"end":{"line":150,"column":49}}},"11":{"name":"resend","line":170,"loc":{"start":{"line":170,"column":16},"end":{"line":170,"column":48}}},"12":{"name":"webhookEventType","line":182,"loc":{"start":{"line":182,"column":0},"end":{"line":182,"column":28}}},"13":{"name":"notification","line":199,"loc":{"start":{"line":199,"column":0},"end":{"line":199,"column":24}}}},"statementMap":{"1":{"start":{"line":4,"column":0},"end":{"line":4,"column":38}},"2":{"start":{"line":5,"column":0},"end":{"line":5,"column":28}},"3":{"start":{"line":6,"column":0},"end":{"line":6,"column":29}},"4":{"start":{"line":7,"column":0},"end":{"line":7,"column":31}},"5":{"start":{"line":8,"column":0},"end":{"line":8,"column":36}},"6":{"start":{"line":14,"column":0},"end":{"line":29,"column":1}},"7":{"start":{"line":15,"column":4},"end":{"line":15,"column":48}},"8":{"start":{"line":16,"column":4},"end":{"line":16,"column":64}},"9":{"start":{"line":18,"column":4},"end":{"line":26,"column":6}},"10":{"start":{"line":21,"column":12},"end":{"line":21,"column":74}},"11":{"start":{"line":24,"column":12},"end":{"line":24,"column":87}},"12":{"start":{"line":27,"column":4},"end":{"line":27,"column":42}},"13":{"start":{"line":28,"column":4},"end":{"line":28,"column":15}},"14":{"start":{"line":37,"column":0},"end":{"line":176,"column":1}},"15":{"start":{"line":38,"column":4},"end":{"line":38,"column":55}},"16":{"start":{"line":39,"column":4},"end":{"line":39,"column":37}},"17":{"start":{"line":79,"column":4},"end":{"line":95,"column":5}},"18":{"start":{"line":80,"column":8},"end":{"line":80,"column":29}},"19":{"start":{"line":81,"column":8},"end":{"line":81,"column":23}},"20":{"start":{"line":82,"column":8},"end":{"line":94,"column":9}},"21":{"start":{"line":83,"column":12},"end":{"line":83,"column":53}},"22":{"start":{"line":84,"column":12},"end":{"line":90,"column":15}},"23":{"start":{"line":85,"column":16},"end":{"line":89,"column":17}},"24":{"start":{"line":86,"column":20},"end":{"line":86,"column":40}},"25":{"start":{"line":88,"column":20},"end":{"line":88,"column":34}},"26":{"start":{"line":92,"column":12},"end":{"line":92,"column":115}},"27":{"start":{"line":93,"column":12},"end":{"line":93,"column":30}},"28":{"start":{"line":103,"column":4},"end":{"line":132,"column":5}},"29":{"start":{"line":105,"column":8},"end":{"line":108,"column":9}},"30":{"start":{"line":107,"column":12},"end":{"line":107,"column":55}},"31":{"start":{"line":110,"column":8},"end":{"line":112,"column":9}},"32":{"start":{"line":111,"column":12},"end":{"line":111,"column":74}},"33":{"start":{"line":115,"column":8},"end":{"line":117,"column":11}},"34":{"start":{"line":116,"column":12},"end":{"line":116,"column":60}},"35":{"start":{"line":119,"column":8},"end":{"line":119,"column":84}},"36":{"start":{"line":121,"column":8},"end":{"line":129,"column":10}},"37":{"start":{"line":131,"column":8},"end":{"line":131,"column":97}},"38":{"start":{"line":134,"column":4},"end":{"line":164,"column":5}},"39":{"start":{"line":136,"column":8},"end":{"line":138,"column":9}},"40":{"start":{"line":137,"column":12},"end":{"line":137,"column":218}},"41":{"start":{"line":140,"column":8},"end":{"line":148,"column":10}},"42":{"start":{"line":150,"column":8},"end":{"line":161,"column":9}},"43":{"start":{"line":151,"column":12},"end":{"line":160,"column":13}},"44":{"start":{"line":152,"column":16},"end":{"line":152,"column":33}},"45":{"start":{"line":155,"column":16},"end":{"line":159,"column":17}},"46":{"start":{"line":156,"column":20},"end":{"line":156,"column":35}},"47":{"start":{"line":158,"column":20},"end":{"line":158,"column":36}},"48":{"start":{"line":163,"column":8},"end":{"line":163,"column":69}},"49":{"start":{"line":166,"column":4},"end":{"line":173,"column":6}},"50":{"start":{"line":171,"column":12},"end":{"line":171,"column":83}},"51":{"start":{"line":174,"column":4},"end":{"line":174,"column":42}},"52":{"start":{"line":175,"column":4},"end":{"line":175,"column":15}},"53":{"start":{"line":182,"column":0},"end":{"line":191,"column":1}},"54":{"start":{"line":183,"column":4},"end":{"line":183,"column":60}},"55":{"start":{"line":184,"column":4},"end":{"line":184,"column":30}},"56":{"start":{"line":186,"column":4},"end":{"line":188,"column":6}},"57":{"start":{"line":189,"column":4},"end":{"line":189,"column":42}},"58":{"start":{"line":190,"column":4},"end":{"line":190,"column":15}},"59":{"start":{"line":199,"column":0},"end":{"line":205,"column":1}},"60":{"start":{"line":200,"column":4},"end":{"line":204,"column":6}},"61":{"start":{"line":207,"column":0},"end":{"line":207,"column":30}}},"branchMap":{"1":{"line":85,"type":"if","locations":[{"start":{"line":85,"column":16},"end":{"line":85,"column":16}},{"start":{"line":85,"column":16},"end":{"line":85,"column":16}}]},"2":{"line":105,"type":"if","locations":[{"start":{"line":105,"column":8},"end":{"line":105,"column":8}},{"start":{"line":105,"column":8},"end":{"line":105,"column":8}}]},"3":{"line":110,"type":"if","locations":[{"start":{"line":110,"column":8},"end":{"line":110,"column":8}},{"start":{"line":110,"column":8},"end":{"line":110,"column":8}}]},"4":{"line":119,"type":"cond-expr","locations":[{"start":{"line":119,"column":60},"end":{"line":119,"column":76}},{"start":{"line":119,"column":79},"end":{"line":119,"column":83}}]},"5":{"line":136,"type":"if","locations":[{"start":{"line":136,"column":8},"end":{"line":136,"column":8}},{"start":{"line":136,"column":8},"end":{"line":136,"column":8}}]},"6":{"line":151,"type":"if","locations":[{"start":{"line":151,"column":12},"end":{"line":151,"column":12}},{"start":{"line":151,"column":12},"end":{"line":151,"column":12}}]},"7":{"line":155,"type":"if","locations":[{"start":{"line":155,"column":16},"end":{"line":155,"column":16}},{"start":{"line":155,"column":16},"end":{"line":155,"column":16}}]}},"code":["/* Copyright 2015-2016 PayPal, Inc. */","\"use strict\";","","var generate = require('../generate');","var api = require('../api');","var https = require('https');","var crypto = require('crypto');","var crc32 = require('buffer-crc32');","","/**"," * Exposes REST endpoints for creating and managing webhooks"," * @return {Object} webhook functions"," */","function webhook() {","    var baseURL = '/v1/notifications/webhooks/';","    var operations = ['create', 'list', 'get', 'del', 'delete'];","","    var ret = {","        baseURL: baseURL,","        replace: function replace(id, data, config, cb) {","            api.executeHttp('PATCH', this.baseURL + id, data, config, cb);","        },","        eventTypes: function eventTypes(id, config, cb) {","            api.executeHttp('GET', this.baseURL + id + '/event-types', {}, config, cb);","        }","    };","    ret = generate.mixin(ret, operations);","    return ret;","}","","/**"," * Exposes REST endpoints for working with subscribed webhooks events"," *"," * https://developer.paypal.com/webapps/developer/docs/integration/direct/rest-webhooks-overview/#events"," * @return {Object} webhook event functions"," */","function webhookEvent() {","    var baseURL = '/v1/notifications/webhooks-events/';","    var operations = ['list', 'get'];","","    /**","     * Instead of calling this method, it is recommended that you initiate a GET request in your code for the webhook","     * event data and use the returned information from the webhook or use the updated verify() function. See","     * https://github.com/paypal/PayPal-node-SDK/wiki/Webhook-Validation","     *","     * @example","     * var paypal = require('paypal-rest-sdk');","     * function(request, response) {","     *     try {","     *         // Get the Webhook event id from the incoming event request","     *         var webhookEventId = JSON.parse(request.body).id;","     *","     *         paypal.notification.webhookEvent.get(webhookEventId, function (error, webhookEvent) {","     *             if (error) {","     *                 console.log(error);","     *                 // The webhook event data could not be found.","     *                 // Send a HTTP 503 response status code ( http://www.w3.org/Protocols/rfc2616/rfc2616-sec10.html#sec10.5.4 )","     *                 // to signal to PayPal to resend the request at a later time.","     *                 response.sendStatus(503);","     *             } else {","     *                 // Proceed to use the data from PayPal","     *                 console.log(\"Get webhookEvent Response\");","     *                 console.log(JSON.stringify(webhookEvent));","     *                 response.sendStatus(200);","     *             }","     *         });","     *     } catch (e) {","     *         // The webhook id could not be found or any other error occurred.","     *         // Send a HTTP 503 response status code ( http://www.w3.org/Protocols/rfc2616/rfc2616-sec10.html#sec10.5.4 )","     *         // to signal to PayPal to resend the request at a later time","     *         response.sendStatus(503);","     *     }","     * }","     *","     * @deprecated","     * @param  {String}   body raw body of request","     * @param  {Function} cb   callback function","     */","    function getAndVerify(body, cb) {","        var response = false;","        var err = null;","        try {","            var webhookEventId = JSON.parse(body).id;","            api.executeHttp('GET', baseURL + webhookEventId, {}, function (error, res) {","                if (error) {","                    cb(error, response);","                } else {","                    cb(err, true);","                }","            });","        } catch (e) {","            err = new Error(\"Webhook Event Id attribute not found. Possible reason could be invalid JSON Object.\");","            cb(err, response);","        }","    }","","    /**","     * @param {Object} headers from request","     * @param {String} raw body of request","     * @param {String} webhook id","     * @param {Function} callback function","     */","    function verify(headers, body, webhookId, callback) {","        // In an effort not to break existing applications, accept old arguments temporarily","        if (arguments.length > 4) {","            /* jshint validthis: true */","            return verifyLegacy.apply(this, arguments);","        }","","        if (typeof headers !== 'object') {","            return callback(new Error(\"headers is not an object\"), false);","        }","","        // Normalizes headers","        Object.keys(headers).forEach(function (header) {","            headers[header.toUpperCase()] = headers[header];","        });","","        var webhookEventBody = (typeof body === \"string\") ? JSON.parse(body) : body;","","        var payload = {","            'auth_algo': headers['PAYPAL-AUTH-ALGO'],","            'cert_url': headers['PAYPAL-CERT-URL'],","            'transmission_id': headers['PAYPAL-TRANSMISSION-ID'],","            'transmission_sig': headers['PAYPAL-TRANSMISSION-SIG'],","            'transmission_time': headers['PAYPAL-TRANSMISSION-TIME'],","            'webhook_id': webhookId,","            'webhook_event': webhookEventBody","        };","","        api.executeHttp('POST', '/v1/notifications/verify-webhook-signature', payload, callback);","    }","","    function verifyLegacy(certURL, transmissionId, timeStamp, webhookId, eventBody, ppTransmissionSig, cb) {","        // Emit a warning that the arguments have changed","        if (process.env.NODE_ENV === 'development') {","            console.log('PayPal-Node-SDK: Webhook verify arguments have changed. Please check the latest documentation on https://developer.paypal.com/docs/integration/direct/rest-webhooks-overview/#event-signature.');","        }","","        var headers = {","            // This is currently the default auth algorithm. If this changes, need to change. Legacy method did","            // not pass in the algorithm.","            'PAYPAL-AUTH-ALGO': 'SHA256withRSA',","            'PAYPAL-CERT-URL': certURL,","            'PAYPAL-TRANSMISSION-ID': transmissionId,","            'PAYPAL-TRANSMISSION-SIG': ppTransmissionSig,","            'PAYPAL-TRANSMISSION-TIME': timeStamp","        };","","        function legacyCallback(error, response) {","            if (error) {","                cb(error, false);","            } else {","                // Verification status must be SUCCESS","                if (response.verification_status === \"SUCCESS\") {","                    cb(null, true);","                } else {","                    cb(null, false);","                }","            }","        }","","        return verify(headers, eventBody, webhookId, legacyCallback);","    }","","    var ret = {","        baseURL: baseURL,","        verify: verify,","        getAndVerify: getAndVerify,","        resend: function resend(id, config, cb) {","            api.executeHttp('POST', this.baseURL + id + '/resend', {}, config, cb);","        }","    };","    ret = generate.mixin(ret, operations);","    return ret;","}","","/**"," * Exposes REST endpoint for listing available event types for webhooks"," * @return {Object} webhook event type functions"," */","function webhookEventType() {","    var baseURL = '/v1/notifications/webhooks-event-types/';","    var operations = ['list'];","","    var ret = {","        baseURL: baseURL","    };","    ret = generate.mixin(ret, operations);","    return ret;","}","","/**"," * Exposes the namespace for webhook and webhook event functionalities"," * "," * https://developer.paypal.com/webapps/developer/docs/api/#notifications"," * @return {Object} notification functions"," */","function notification() {","    return {","        webhook: webhook(),","        webhookEvent: webhookEvent(),","        webhookEventType: webhookEventType()","    };","}","","module.exports = notification;",""],"l":{"4":1,"5":1,"6":1,"7":1,"8":1,"14":1,"15":1,"16":1,"18":1,"21":0,"24":0,"27":1,"28":1,"37":1,"38":1,"39":1,"79":1,"80":0,"81":0,"82":0,"83":0,"84":0,"85":0,"86":0,"88":0,"92":0,"93":0,"103":1,"105":0,"107":0,"110":0,"111":0,"115":0,"116":0,"119":0,"121":0,"131":0,"134":1,"136":0,"137":0,"140":0,"150":1,"151":0,"152":0,"155":0,"156":0,"158":0,"163":0,"166":1,"171":0,"174":1,"175":1,"182":1,"183":1,"184":1,"186":1,"189":1,"190":1,"199":1,"200":1,"207":1}},"/home/travis/build/npmtest/node-npmtest-paypal-rest-sdk/node_modules/paypal-rest-sdk/Gruntfile.js":{"path":"/home/travis/build/npmtest/node-npmtest-paypal-rest-sdk/node_modules/paypal-rest-sdk/Gruntfile.js","s":{"1":1,"2":0,"3":0,"4":0,"5":0,"6":0,"7":0},"b":{},"f":{"1":0},"fnMap":{"1":{"name":"(anonymous_1)","line":1,"loc":{"start":{"line":1,"column":17},"end":{"line":1,"column":34}}}},"statementMap":{"1":{"start":{"line":1,"column":0},"end":{"line":52,"column":2}},"2":{"start":{"line":6,"column":1},"end":{"line":39,"column":4}},"3":{"start":{"line":42,"column":1},"end":{"line":42,"column":44}},"4":{"start":{"line":43,"column":1},"end":{"line":43,"column":42}},"5":{"start":{"line":44,"column":1},"end":{"line":44,"column":35}},"6":{"start":{"line":47,"column":1},"end":{"line":47,"column":45}},"7":{"start":{"line":50,"column":1},"end":{"line":50,"column":58}}},"branchMap":{},"code":["module.exports = function (grunt) {","","\t\"use strict\";","","\t// Project configuration.","\tgrunt.initConfig({","\t\tpkg: grunt.file.readJSON(\"package.json\"),","\t\tmeta: {","\t\t\tbanner: \"/*!\\n * <%= pkg.name %>\\n * <%= pkg.description %>\\n * @version <%= pkg.version %> - <%= grunt.template.today(\\'yyyy-mm-dd\\') %>\\n * @author <%= pkg.author.name %> <<%= pkg.author.url %>>\\n */\\n\"","\t\t},","\t\tjshint: {","\t\t\tall: {","\t\t\t\tsrc: [\"lib/*.js\", \"test/*.js\", \"samples/**/*.js\", \"lib/resources/*.js\"],","\t\t\t\toptions: {","\t\t\t\t\tjshintrc: \".jshintrc\"","\t\t\t\t}","\t\t\t}","\t\t},","\t\tsimplemocha: {","\t\t\toptions: {","\t\t\t\ttimeout: 15000,","\t\t\t\treporter: 'dot'","\t\t\t},","\t\t\tall: {","\t\t\t\tsrc: 'test/*.js'","\t\t\t}","\t\t},","\t\tjsdoc : {","\t\t\tdist : {","\t\t\t\tsrc: ['lib/*'],","\t\t\t\tjsdoc: './node_modules/.bin/jsdoc',","\t\t\t\toptions: {","\t\t\t\t\tdestination: 'docs/jsdoc/',","\t\t\t\t\tconfigure: './node_modules/jsdoc/conf.json',","\t\t\t\t\ttemplate: './node_modules/ink-docstrap/template'","\t\t\t\t}","\t\t\t}","\t\t}","\t});","","\t// Load grunt tasks from npm packages","\tgrunt.loadNpmTasks(\"grunt-contrib-jshint\");","\tgrunt.loadNpmTasks('grunt-simple-mocha');","\tgrunt.loadNpmTasks('grunt-jsdoc');","","\t// Test task","\tgrunt.registerTask(\"test\", [\"simplemocha\"]);","","\t// Default task.","\tgrunt.registerTask(\"default\", [\"jshint\", \"simplemocha\"]);","","};",""],"l":{"1":1,"6":0,"42":0,"43":0,"44":0,"47":0,"50":0}}}